[2022-01-02T15:05:59.880] [INFO] info - info output
[2022-01-02T15:07:09.220] [INFO] info - info output
[2022-01-02T15:07:48.399] [INFO] info - info output
[2022-01-02T15:08:11.941] [INFO] info - info output
[2022-01-02T15:08:22.884] [INFO] info - info output
[2022-01-03T16:15:43.517] [INFO] info - info output
[2022-01-03T16:15:43.544] [INFO] info - ******数据库连接成功******
[2022-01-03T16:20:29.131] [INFO] info - info output
[2022-01-03T16:20:29.149] [INFO] info - ******数据库连接成功******
[2022-01-03T16:21:34.675] [INFO] info - info output
[2022-01-03T16:21:34.694] [INFO] info - ******数据库连接成功******
[2022-01-03T16:31:46.674] [INFO] info - info output
[2022-01-03T16:31:46.692] [INFO] info - ******数据库连接成功******
[2022-01-03T16:35:50.604] [INFO] info - info output
[2022-01-03T16:35:50.623] [INFO] info - ******数据库连接成功******
[2022-01-03T16:39:57.942] [INFO] info - info output
[2022-01-03T16:39:57.968] [INFO] info - ******数据库连接成功******
[2022-01-03T16:40:07.588] [INFO] info - info output
[2022-01-03T16:40:07.608] [INFO] info - ******数据库连接成功******
[2022-01-03T16:40:15.670] [INFO] info - info output
[2022-01-03T16:40:15.690] [INFO] info - ******数据库连接成功******
[2022-01-03T18:37:04.423] [INFO] info - info output
[2022-01-03T18:37:04.448] [INFO] info - ******数据库连接成功******
[2022-01-03T20:13:15.628] [INFO] info - info output
[2022-01-03T20:13:15.649] [INFO] info - ******数据库连接成功******
[2022-01-03T20:13:17.776] [INFO] info - info output
[2022-01-03T20:13:17.796] [INFO] info - ******数据库连接成功******
[2022-01-03T20:13:25.549] [INFO] info - info output
[2022-01-03T20:13:25.568] [INFO] info - ******数据库连接成功******
[2022-01-03T20:13:52.086] [INFO] info - info output
[2022-01-03T20:13:52.106] [INFO] info - ******数据库连接成功******
[2022-01-03T20:13:54.391] [INFO] info - info output
[2022-01-03T20:13:54.410] [INFO] info - ******数据库连接成功******
[2022-01-03T20:14:03.566] [INFO] info - info output
[2022-01-03T20:14:03.585] [INFO] info - ******数据库连接成功******
[2022-01-03T20:14:07.040] [INFO] info - info output
[2022-01-03T20:14:07.062] [INFO] info - ******数据库连接成功******
[2022-01-03T20:14:13.985] [INFO] info - info output
[2022-01-03T20:14:14.010] [INFO] info - ******数据库连接成功******
[2022-01-03T20:14:16.483] [INFO] info - info output
[2022-01-03T20:14:16.503] [INFO] info - ******数据库连接成功******
[2022-01-03T20:14:20.789] [INFO] info - info output
[2022-01-03T20:14:20.810] [INFO] info - ******数据库连接成功******
[2022-01-03T20:14:23.824] [INFO] info - info output
[2022-01-03T20:14:23.846] [INFO] info - ******数据库连接成功******
[2022-01-03T20:14:33.764] [INFO] info - info output
[2022-01-03T20:14:33.783] [INFO] info - ******数据库连接成功******
[2022-01-03T20:14:38.389] [INFO] info - info output
[2022-01-03T20:14:38.408] [INFO] info - ******数据库连接成功******
[2022-01-03T20:14:40.086] [INFO] info - info output
[2022-01-03T20:14:40.106] [INFO] info - ******数据库连接成功******
[2022-01-03T20:14:47.449] [INFO] info - info output
[2022-01-03T20:14:47.474] [INFO] info - ******数据库连接成功******
[2022-01-03T20:14:52.458] [INFO] info - info output
[2022-01-03T20:14:52.477] [INFO] info - ******数据库连接成功******
[2022-01-03T20:14:57.676] [INFO] info - info output
[2022-01-03T20:14:57.695] [INFO] info - ******数据库连接成功******
[2022-01-03T20:15:07.381] [INFO] info - info output
[2022-01-03T20:15:07.401] [INFO] info - ******数据库连接成功******
[2022-01-03T20:15:10.784] [INFO] info - info output
[2022-01-03T20:15:10.804] [INFO] info - ******数据库连接成功******
[2022-01-03T20:15:23.297] [INFO] info - info output
[2022-01-03T20:15:23.317] [INFO] info - ******数据库连接成功******
[2022-01-03T20:15:42.460] [INFO] info - get params:{}
[2022-01-03T20:15:42.461] [INFO] info - post params:{"userName":"admin","userPwd":"123456"}
[2022-01-04T12:54:53.362] [INFO] info - info output
[2022-01-04T12:54:53.381] [INFO] info - ******数据库连接成功******
[2022-01-04T12:54:58.194] [INFO] info - get params:{}
[2022-01-04T12:54:58.194] [INFO] info - post params:{"userName":"admin1","userPwd":"123456"}
[2022-01-04T12:55:02.504] [INFO] info - get params:{}
[2022-01-04T12:55:02.504] [INFO] info - post params:{"userName":"admin","userPwd":"123456"}
[2022-01-04T15:16:39.614] [INFO] info - get params:{}
[2022-01-04T15:16:39.616] [INFO] info - post params:{"userName":"admin","userPwd":"123456"}
[2022-01-04T16:16:08.274] [INFO] info - get params:{}
[2022-01-04T16:16:08.275] [INFO] info - post params:{}
[2022-01-04T16:17:52.299] [INFO] info - get params:{}
[2022-01-04T16:17:52.300] [INFO] info - post params:{}
[2022-01-04T16:18:37.374] [INFO] info - get params:{}
[2022-01-04T16:18:37.374] [INFO] info - post params:{}
[2022-01-04T16:18:52.654] [INFO] info - get params:{}
[2022-01-04T16:18:52.654] [INFO] info - post params:{}
[2022-01-04T16:19:59.166] [INFO] info - get params:{}
[2022-01-04T16:19:59.166] [INFO] info - post params:{}
[2022-01-04T16:31:43.132] [INFO] info - get params:{}
[2022-01-04T16:31:43.132] [INFO] info - post params:{}
[2022-01-04T16:32:00.472] [INFO] info - get params:{}
[2022-01-04T16:32:00.472] [INFO] info - post params:{}
[2022-01-04T16:32:05.989] [INFO] info - get params:{}
[2022-01-04T16:32:05.989] [INFO] info - post params:{}
[2022-01-04T16:32:14.610] [INFO] info - get params:{}
[2022-01-04T16:32:14.611] [INFO] info - post params:{}
[2022-01-04T16:32:31.314] [INFO] info - get params:{}
[2022-01-04T16:32:31.315] [INFO] info - post params:{}
[2022-01-04T16:32:37.567] [INFO] info - get params:{}
[2022-01-04T16:32:37.568] [INFO] info - post params:{}
[2022-01-04T16:32:45.789] [INFO] info - get params:{}
[2022-01-04T16:32:45.790] [INFO] info - post params:{}
[2022-01-04T16:33:06.340] [INFO] info - get params:{}
[2022-01-04T16:33:06.341] [INFO] info - post params:{}
[2022-01-04T16:33:12.351] [INFO] info - get params:{}
[2022-01-04T16:33:12.351] [INFO] info - post params:{}
[2022-01-04T16:33:35.352] [INFO] info - get params:{}
[2022-01-04T16:33:35.353] [INFO] info - post params:{}
[2022-01-04T16:33:35.659] [INFO] info - get params:{}
[2022-01-04T16:33:35.660] [INFO] info - post params:{}
[2022-01-04T16:33:36.278] [INFO] info - get params:{}
[2022-01-04T16:33:36.278] [INFO] info - post params:{}
[2022-01-04T16:33:36.501] [INFO] info - get params:{}
[2022-01-04T16:33:36.501] [INFO] info - post params:{}
[2022-01-04T16:34:25.623] [INFO] info - get params:{}
[2022-01-04T16:34:25.624] [INFO] info - post params:{}
[2022-01-04T16:34:25.625] [INFO] info - get params:{}
[2022-01-04T16:34:25.625] [INFO] info - post params:{}
[2022-01-04T19:32:00.359] [INFO] info - info output
[2022-01-04T19:32:00.378] [INFO] info - ******数据库连接成功******
[2022-01-04T20:15:34.194] [INFO] info - info output
[2022-01-04T20:15:34.215] [INFO] info - ******数据库连接成功******
[2022-01-04T20:19:58.482] [INFO] info - info output
[2022-01-04T20:19:58.499] [INFO] info - ******数据库连接成功******
[2022-01-04T20:20:04.605] [INFO] info - info output
[2022-01-04T20:20:04.624] [INFO] info - ******数据库连接成功******
[2022-01-04T20:20:33.214] [INFO] info - info output
[2022-01-04T20:20:33.235] [INFO] info - ******数据库连接成功******
[2022-01-04T20:20:42.209] [INFO] info - info output
[2022-01-04T20:20:42.228] [INFO] info - ******数据库连接成功******
[2022-01-04T20:20:49.733] [INFO] info - info output
[2022-01-04T20:20:49.751] [INFO] info - ******数据库连接成功******
[2022-01-04T20:21:12.875] [INFO] info - info output
[2022-01-04T20:21:12.893] [INFO] info - ******数据库连接成功******
[2022-01-04T20:21:15.515] [INFO] info - info output
[2022-01-04T20:21:15.533] [INFO] info - ******数据库连接成功******
[2022-01-04T20:21:17.854] [INFO] info - info output
[2022-01-04T20:21:17.872] [INFO] info - ******数据库连接成功******
[2022-01-04T20:21:21.128] [INFO] info - info output
[2022-01-04T20:21:21.146] [INFO] info - ******数据库连接成功******
[2022-01-04T20:21:33.356] [INFO] info - info output
[2022-01-04T20:21:33.376] [INFO] info - ******数据库连接成功******
[2022-01-04T20:21:49.927] [INFO] info - info output
[2022-01-04T20:21:49.945] [INFO] info - ******数据库连接成功******
[2022-01-04T20:22:03.793] [INFO] info - info output
[2022-01-04T20:22:03.813] [INFO] info - ******数据库连接成功******
[2022-01-04T20:22:09.743] [INFO] info - info output
[2022-01-04T20:22:09.762] [INFO] info - ******数据库连接成功******
[2022-01-04T20:22:14.955] [INFO] info - info output
[2022-01-04T20:22:14.973] [INFO] info - ******数据库连接成功******
[2022-01-04T20:22:26.851] [INFO] info - info output
[2022-01-04T20:22:26.869] [INFO] info - ******数据库连接成功******
[2022-01-04T20:22:32.506] [INFO] info - info output
[2022-01-04T20:22:32.525] [INFO] info - ******数据库连接成功******
[2022-01-04T20:22:39.975] [INFO] info - info output
[2022-01-04T20:22:39.995] [INFO] info - ******数据库连接成功******
[2022-01-04T20:22:44.510] [INFO] info - info output
[2022-01-04T20:22:44.530] [INFO] info - ******数据库连接成功******
[2022-01-04T20:22:58.921] [INFO] info - info output
[2022-01-04T20:22:58.940] [INFO] info - ******数据库连接成功******
[2022-01-04T20:23:00.984] [INFO] info - info output
[2022-01-04T20:23:01.003] [INFO] info - ******数据库连接成功******
[2022-01-04T20:23:03.644] [INFO] info - info output
[2022-01-04T20:23:03.663] [INFO] info - ******数据库连接成功******
[2022-01-04T20:23:06.410] [INFO] info - info output
[2022-01-04T20:23:06.429] [INFO] info - ******数据库连接成功******
[2022-01-04T20:23:08.803] [INFO] info - info output
[2022-01-04T20:23:08.822] [INFO] info - ******数据库连接成功******
[2022-01-04T20:23:14.275] [INFO] info - info output
[2022-01-04T20:23:14.293] [INFO] info - ******数据库连接成功******
[2022-01-04T20:24:24.632] [INFO] info - get params:{}
[2022-01-04T20:24:24.633] [INFO] info - post params:{}
[2022-01-04T20:24:24.638] [INFO] info - get params:{}
[2022-01-04T20:24:24.639] [INFO] info - post params:{}
[2022-01-04T20:24:36.687] [INFO] info - get params:{}
[2022-01-04T20:24:36.688] [INFO] info - post params:{}
[2022-01-04T20:24:36.689] [INFO] info - get params:{}
[2022-01-04T20:24:36.690] [INFO] info - post params:{}
[2022-01-04T20:24:46.516] [INFO] info - get params:{}
[2022-01-04T20:24:46.517] [INFO] info - post params:{}
[2022-01-04T20:24:46.518] [INFO] info - get params:{}
[2022-01-04T20:24:46.519] [INFO] info - post params:{}
[2022-01-04T20:24:50.313] [INFO] info - get params:{}
[2022-01-04T20:24:50.313] [INFO] info - post params:{}
[2022-01-04T20:24:50.315] [INFO] info - get params:{}
[2022-01-04T20:24:50.316] [INFO] info - post params:{}
[2022-01-04T20:24:54.063] [INFO] info - get params:{}
[2022-01-04T20:24:54.063] [INFO] info - post params:{}
[2022-01-04T20:24:54.065] [INFO] info - get params:{}
[2022-01-04T20:24:54.065] [INFO] info - post params:{}
[2022-01-04T20:24:55.866] [INFO] info - get params:{}
[2022-01-04T20:24:55.866] [INFO] info - post params:{}
[2022-01-04T20:24:55.867] [INFO] info - get params:{}
[2022-01-04T20:24:55.868] [INFO] info - post params:{}
[2022-01-04T20:27:33.095] [INFO] info - get params:{}
[2022-01-04T20:27:33.095] [INFO] info - post params:{"userName":"login","userPwd":"123456"}
[2022-01-04T20:28:43.440] [INFO] info - info output
[2022-01-04T20:28:43.460] [INFO] info - ******数据库连接成功******
[2022-01-04T20:28:48.713] [INFO] info - get params:{}
[2022-01-04T20:28:48.713] [INFO] info - post params:{"userName":"123","userPwd":"123"}
[2022-01-04T20:29:31.518] [INFO] info - get params:{}
[2022-01-04T20:29:31.518] [INFO] info - post params:{"userName":"123","userPwd":"123"}
[2022-01-04T20:30:35.322] [INFO] info - info output
[2022-01-04T20:30:35.342] [INFO] info - ******数据库连接成功******
[2022-01-04T20:30:39.147] [INFO] info - info output
[2022-01-04T20:30:39.169] [INFO] info - ******数据库连接成功******
[2022-01-04T20:30:50.231] [INFO] info - info output
[2022-01-04T20:30:50.249] [INFO] info - ******数据库连接成功******
[2022-01-04T20:31:05.277] [INFO] info - info output
[2022-01-04T20:31:05.298] [INFO] info - ******数据库连接成功******
[2022-01-04T20:31:14.835] [INFO] info - info output
[2022-01-04T20:31:14.857] [INFO] info - ******数据库连接成功******
[2022-01-04T20:31:17.154] [INFO] info - info output
[2022-01-04T20:31:17.174] [INFO] info - ******数据库连接成功******
[2022-01-04T20:31:26.137] [INFO] info - info output
[2022-01-04T20:31:26.168] [INFO] info - ******数据库连接成功******
[2022-01-04T20:31:32.010] [INFO] info - info output
[2022-01-04T20:31:32.031] [INFO] info - ******数据库连接成功******
[2022-01-04T20:31:35.684] [INFO] info - info output
[2022-01-04T20:31:35.703] [INFO] info - ******数据库连接成功******
[2022-01-04T20:31:41.307] [INFO] info - get params:{}
[2022-01-04T20:31:41.307] [INFO] info - post params:{"userName":"123","userPwd":"123"}
[2022-01-04T20:31:50.824] [INFO] info - get params:{}
[2022-01-04T20:31:50.825] [INFO] info - post params:{"userName":"admin","userPwd":"123456"}
[2022-01-04T20:32:49.673] [INFO] info - get params:{}
[2022-01-04T20:32:49.674] [INFO] info - post params:{"userName":"123","userPwd":"123"}
[2022-01-04T20:33:11.553] [INFO] info - get params:{}
[2022-01-04T20:33:11.553] [INFO] info - post params:{"userName":"admin","userPwd":"123456"}
[2022-01-04T20:33:11.891] [INFO] info - get params:{}
[2022-01-04T20:33:11.891] [INFO] info - post params:{}
[2022-01-04T20:33:11.893] [INFO] info - get params:{}
[2022-01-04T20:33:11.893] [INFO] info - post params:{}
[2022-01-04T20:33:45.912] [INFO] info - info output
[2022-01-04T20:33:45.931] [INFO] info - ******数据库连接成功******
[2022-01-04T20:33:50.844] [INFO] info - info output
[2022-01-04T20:33:50.863] [INFO] info - ******数据库连接成功******
[2022-01-04T20:34:06.844] [INFO] info - info output
[2022-01-04T20:34:06.865] [INFO] info - ******数据库连接成功******
[2022-01-04T20:35:44.534] [INFO] info - get params:{}
[2022-01-04T20:35:44.536] [INFO] info - post params:{}
[2022-01-04T20:35:44.542] [INFO] info - get params:{}
[2022-01-04T20:35:44.543] [INFO] info - post params:{}
[2022-01-04T20:35:53.813] [INFO] info - get params:{}
[2022-01-04T20:35:53.814] [INFO] info - post params:{}
[2022-01-04T20:35:53.816] [INFO] info - get params:{}
[2022-01-04T20:35:53.817] [INFO] info - post params:{}
[2022-01-04T20:36:01.015] [INFO] info - get params:{}
[2022-01-04T20:36:01.015] [INFO] info - post params:{}
[2022-01-04T20:36:01.017] [INFO] info - get params:{}
[2022-01-04T20:36:01.017] [INFO] info - post params:{}
[2022-01-04T20:36:26.089] [INFO] info - get params:{}
[2022-01-04T20:36:26.089] [INFO] info - post params:{}
[2022-01-04T20:36:26.090] [INFO] info - get params:{}
[2022-01-04T20:36:26.091] [INFO] info - post params:{}
[2022-01-04T20:39:02.271] [INFO] info - get params:{}
[2022-01-04T20:39:02.271] [INFO] info - post params:{"userName":"admin","userPwd":"12345"}
[2022-01-04T20:39:09.994] [INFO] info - get params:{}
[2022-01-04T20:39:09.994] [INFO] info - post params:{"userName":"admin","userPwd":"123456"}
[2022-01-04T20:39:10.056] [INFO] info - get params:{}
[2022-01-04T20:39:10.056] [INFO] info - post params:{}
[2022-01-04T20:39:10.057] [INFO] info - get params:{}
[2022-01-04T20:39:10.058] [INFO] info - post params:{}
[2022-01-04T20:39:52.513] [INFO] info - get params:{}
[2022-01-04T20:39:52.513] [INFO] info - post params:{}
[2022-01-04T20:39:52.516] [INFO] info - get params:{}
[2022-01-04T20:39:52.516] [INFO] info - post params:{}
[2022-01-04T20:40:51.592] [INFO] info - info output
[2022-01-04T20:40:51.610] [INFO] info - ******数据库连接成功******
[2022-01-04T20:41:04.450] [INFO] info - info output
[2022-01-04T20:41:04.469] [INFO] info - ******数据库连接成功******
[2022-01-04T20:41:08.740] [INFO] info - info output
[2022-01-04T20:41:08.759] [INFO] info - ******数据库连接成功******
[2022-01-04T20:41:11.976] [INFO] info - info output
[2022-01-04T20:41:11.995] [INFO] info - ******数据库连接成功******
[2022-01-04T20:41:13.523] [INFO] info - info output
[2022-01-04T20:41:13.551] [INFO] info - ******数据库连接成功******
[2022-01-04T20:41:17.339] [INFO] info - info output
[2022-01-04T20:41:17.359] [INFO] info - ******数据库连接成功******
[2022-01-04T20:41:23.725] [INFO] info - info output
[2022-01-04T20:41:23.746] [INFO] info - ******数据库连接成功******
[2022-01-04T20:41:31.359] [INFO] info - info output
[2022-01-04T20:41:31.378] [INFO] info - ******数据库连接成功******
[2022-01-04T20:41:34.252] [INFO] info - info output
[2022-01-04T20:41:34.272] [INFO] info - ******数据库连接成功******
[2022-01-04T20:41:39.375] [INFO] info - info output
[2022-01-04T20:41:39.393] [INFO] info - ******数据库连接成功******
[2022-01-04T20:41:46.656] [INFO] info - info output
[2022-01-04T20:41:46.675] [INFO] info - ******数据库连接成功******
[2022-01-04T20:41:57.593] [INFO] info - info output
[2022-01-04T20:41:57.611] [INFO] info - ******数据库连接成功******
[2022-01-04T20:41:59.987] [INFO] info - info output
[2022-01-04T20:42:00.007] [INFO] info - ******数据库连接成功******
[2022-01-04T20:42:08.055] [INFO] info - info output
[2022-01-04T20:42:08.074] [INFO] info - ******数据库连接成功******
[2022-01-04T20:42:30.926] [INFO] info - info output
[2022-01-04T20:42:30.946] [INFO] info - ******数据库连接成功******
[2022-01-04T20:42:33.961] [INFO] info - info output
[2022-01-04T20:42:33.980] [INFO] info - ******数据库连接成功******
[2022-01-04T20:42:40.183] [INFO] info - info output
[2022-01-04T20:42:40.202] [INFO] info - ******数据库连接成功******
[2022-01-04T20:43:48.884] [INFO] info - info output
[2022-01-04T20:43:48.905] [INFO] info - ******数据库连接成功******
[2022-01-04T20:44:21.595] [INFO] info - info output
[2022-01-04T20:44:21.613] [INFO] info - ******数据库连接成功******
[2022-01-04T20:44:27.481] [INFO] info - info output
[2022-01-04T20:44:27.506] [INFO] info - ******数据库连接成功******
[2022-01-04T20:44:44.971] [INFO] info - info output
[2022-01-04T20:44:44.990] [INFO] info - ******数据库连接成功******
[2022-01-04T20:45:05.695] [INFO] info - info output
[2022-01-04T20:45:05.715] [INFO] info - ******数据库连接成功******
[2022-01-04T20:45:10.212] [INFO] info - info output
[2022-01-04T20:45:10.231] [INFO] info - ******数据库连接成功******
[2022-01-04T20:45:19.709] [INFO] info - info output
[2022-01-04T20:45:19.729] [INFO] info - ******数据库连接成功******
[2022-01-04T20:45:32.652] [INFO] info - info output
[2022-01-04T20:45:32.673] [INFO] info - ******数据库连接成功******
[2022-01-04T20:45:35.256] [INFO] info - info output
[2022-01-04T20:45:35.276] [INFO] info - ******数据库连接成功******
[2022-01-04T20:45:38.239] [INFO] info - info output
[2022-01-04T20:45:38.259] [INFO] info - ******数据库连接成功******
[2022-01-04T20:45:43.318] [INFO] info - info output
[2022-01-04T20:45:43.349] [INFO] info - ******数据库连接成功******
[2022-01-04T20:45:45.351] [INFO] info - info output
[2022-01-04T20:45:45.370] [INFO] info - ******数据库连接成功******
[2022-01-04T20:45:58.257] [INFO] info - info output
[2022-01-04T20:45:58.276] [INFO] info - ******数据库连接成功******
[2022-01-04T20:46:01.344] [INFO] info - info output
[2022-01-04T20:46:01.363] [INFO] info - ******数据库连接成功******
[2022-01-04T20:46:09.992] [INFO] info - info output
[2022-01-04T20:46:10.013] [INFO] info - ******数据库连接成功******
[2022-01-04T20:46:20.314] [INFO] info - info output
[2022-01-04T20:46:20.333] [INFO] info - ******数据库连接成功******
[2022-01-04T20:46:26.278] [INFO] info - info output
[2022-01-04T20:46:26.296] [INFO] info - ******数据库连接成功******
[2022-01-04T20:49:16.306] [INFO] info - get params:{}
[2022-01-04T20:49:16.307] [INFO] info - post params:{"userName":"admin","userPwd":"123456"}
[2022-01-04T20:49:16.370] [INFO] info - get params:{}
[2022-01-04T20:49:16.371] [INFO] info - post params:{}
[2022-01-04T20:49:16.376] [INFO] info - get params:{}
[2022-01-04T20:49:16.377] [INFO] info - post params:{}
[2022-01-04T20:49:31.357] [INFO] info - get params:{}
[2022-01-04T20:49:31.357] [INFO] info - post params:{}
[2022-01-04T20:49:31.359] [INFO] info - get params:{}
[2022-01-04T20:49:31.360] [INFO] info - post params:{}
[2022-01-04T20:49:35.967] [INFO] info - get params:{}
[2022-01-04T20:49:35.968] [INFO] info - post params:{}
[2022-01-04T20:49:35.970] [INFO] info - get params:{}
[2022-01-04T20:49:35.970] [INFO] info - post params:{}
[2022-01-04T20:50:23.618] [INFO] info - info output
[2022-01-04T20:50:23.639] [INFO] info - ******数据库连接成功******
[2022-01-04T20:50:27.715] [INFO] info - get params:{}
[2022-01-04T20:50:27.715] [INFO] info - post params:{}
[2022-01-04T20:50:27.733] [INFO] info - get params:{}
[2022-01-04T20:50:27.733] [INFO] info - post params:{}
[2022-01-04T20:50:43.237] [INFO] info - info output
[2022-01-04T20:50:43.256] [INFO] info - ******数据库连接成功******
[2022-01-04T20:50:51.975] [INFO] info - get params:{}
[2022-01-04T20:50:51.976] [INFO] info - post params:{}
[2022-01-04T20:50:51.998] [INFO] info - get params:{}
[2022-01-04T20:50:51.999] [INFO] info - post params:{}
[2022-01-04T20:50:54.056] [INFO] info - get params:{}
[2022-01-04T20:50:54.056] [INFO] info - post params:{}
[2022-01-04T20:50:54.064] [INFO] info - get params:{}
[2022-01-04T20:50:54.065] [INFO] info - post params:{}
[2022-01-04T20:52:43.027] [INFO] info - info output
[2022-01-04T20:52:43.046] [INFO] info - ******数据库连接成功******
[2022-01-04T20:52:49.168] [INFO] info - info output
[2022-01-04T20:52:49.187] [INFO] info - ******数据库连接成功******
[2022-01-04T20:52:56.442] [INFO] info - get params:{}
[2022-01-04T20:52:56.442] [INFO] info - post params:{}
[2022-01-04T20:52:56.455] [INFO] info - get params:{}
[2022-01-04T20:52:56.456] [INFO] info - post params:{}
[2022-01-04T20:53:05.394] [INFO] info - get params:{}
[2022-01-04T20:53:05.395] [INFO] info - post params:{"userName":"admin","userPwd":"123456"}
[2022-01-04T20:53:05.439] [INFO] info - get params:{}
[2022-01-04T20:53:05.440] [INFO] info - post params:{}
[2022-01-04T20:53:05.442] [INFO] info - get params:{}
[2022-01-04T20:53:05.442] [INFO] info - post params:{}
[2022-01-04T20:53:09.321] [INFO] info - get params:{}
[2022-01-04T20:53:09.321] [INFO] info - post params:{}
[2022-01-04T20:53:09.323] [INFO] info - get params:{}
[2022-01-04T20:53:09.324] [INFO] info - post params:{}
[2022-01-04T20:55:04.196] [INFO] info - info output
[2022-01-04T20:55:04.218] [INFO] info - ******数据库连接成功******
[2022-01-04T20:55:22.627] [INFO] info - info output
[2022-01-04T20:55:22.645] [INFO] info - ******数据库连接成功******
[2022-01-04T20:55:57.789] [INFO] info - info output
[2022-01-04T20:55:57.810] [INFO] info - ******数据库连接成功******
[2022-01-04T20:56:10.662] [INFO] info - info output
[2022-01-04T20:56:10.681] [INFO] info - ******数据库连接成功******
[2022-01-04T20:56:20.814] [INFO] info - info output
[2022-01-04T20:56:20.833] [INFO] info - ******数据库连接成功******
[2022-01-04T20:56:23.263] [INFO] info - info output
[2022-01-04T20:56:23.281] [INFO] info - ******数据库连接成功******
[2022-01-04T20:56:26.848] [INFO] info - info output
[2022-01-04T20:56:26.869] [INFO] info - ******数据库连接成功******
[2022-01-04T20:57:03.040] [INFO] info - info output
[2022-01-04T20:57:03.061] [INFO] info - ******数据库连接成功******
[2022-01-04T21:17:49.124] [INFO] info - info output
[2022-01-04T21:17:49.161] [INFO] info - ******数据库连接成功******
[2022-01-04T21:17:53.751] [INFO] info - info output
[2022-01-04T21:17:53.769] [INFO] info - ******数据库连接成功******
[2022-01-04T21:17:55.501] [INFO] info - info output
[2022-01-04T21:17:55.520] [INFO] info - ******数据库连接成功******
[2022-01-04T21:17:58.015] [INFO] info - get params:{}
[2022-01-04T21:17:58.015] [INFO] info - post params:{"userName":"admin","userPwd":"123456"}
[2022-01-04T21:17:58.305] [INFO] info - get params:{}
[2022-01-04T21:17:58.306] [INFO] info - post params:{}
[2022-01-04T21:17:58.351] [INFO] info - get params:{}
[2022-01-04T21:17:58.351] [INFO] info - post params:{}
[2022-01-04T21:18:52.547] [INFO] info - get params:{}
[2022-01-04T21:18:52.548] [INFO] info - post params:{"userName":"admin","userPwd":"123456"}
[2022-01-04T21:18:52.580] [INFO] info - get params:{}
[2022-01-04T21:18:52.581] [INFO] info - post params:{}
[2022-01-04T21:18:52.893] [INFO] info - get params:{}
[2022-01-04T21:18:52.894] [INFO] info - post params:{}
[2022-01-04T21:38:33.052] [INFO] info - get params:{}
[2022-01-04T21:38:33.053] [INFO] info - post params:{"userName":"admin","userPwd":"123456"}
[2022-01-04T21:38:33.135] [INFO] info - get params:{}
[2022-01-04T21:38:33.136] [INFO] info - post params:{}
[2022-01-04T21:38:33.138] [INFO] info - get params:{}
[2022-01-04T21:38:33.139] [INFO] info - post params:{}
[2022-01-04T21:38:58.914] [INFO] info - get params:{}
[2022-01-04T21:38:58.914] [INFO] info - post params:{"userName":"admin","userPwd":"123456"}
[2022-01-04T21:38:59.159] [INFO] info - get params:{}
[2022-01-04T21:38:59.160] [INFO] info - post params:{}
[2022-01-04T21:38:59.253] [INFO] info - get params:{}
[2022-01-04T21:38:59.254] [INFO] info - post params:{}
[2022-01-05T13:28:39.516] [INFO] info - info output
[2022-01-05T13:28:39.539] [INFO] info - ******数据库连接成功******
[2022-01-05T13:30:55.342] [INFO] info - get params:{}
[2022-01-05T13:30:55.342] [INFO] info - post params:{}
[2022-01-05T13:30:55.349] [INFO] info - get params:{}
[2022-01-05T13:30:55.349] [INFO] info - post params:{}
[2022-01-05T13:40:57.546] [INFO] info - get params:{}
[2022-01-05T13:40:57.546] [INFO] info - post params:{"userName":"admin","userPwd":"123456"}
[2022-01-05T13:40:57.784] [INFO] info - get params:{}
[2022-01-05T13:40:57.785] [INFO] info - post params:{}
[2022-01-05T13:40:57.909] [INFO] info - get params:{}
[2022-01-05T13:40:57.910] [INFO] info - post params:{}
[2022-01-05T13:43:54.434] [INFO] info - get params:{}
[2022-01-05T13:43:54.435] [INFO] info - post params:{"userName":"admin","userPwd":"123456"}
[2022-01-05T13:43:54.468] [INFO] info - get params:{}
[2022-01-05T13:43:54.469] [INFO] info - post params:{}
[2022-01-05T13:43:54.785] [INFO] info - get params:{}
[2022-01-05T13:43:54.786] [INFO] info - post params:{}
[2022-01-05T13:44:14.097] [INFO] info - get params:{}
[2022-01-05T13:44:14.097] [INFO] info - post params:{"userName":"admin","userPwd":"123456"}
[2022-01-05T13:44:14.133] [INFO] info - get params:{}
[2022-01-05T13:44:14.134] [INFO] info - post params:{}
[2022-01-05T13:44:14.439] [INFO] info - get params:{}
[2022-01-05T13:44:14.439] [INFO] info - post params:{}
[2022-01-05T13:45:50.101] [INFO] info - get params:{}
[2022-01-05T13:45:50.101] [INFO] info - post params:{"userName":"admin","userPwd":"123456"}
[2022-01-05T13:45:50.153] [INFO] info - get params:{}
[2022-01-05T13:45:50.154] [INFO] info - post params:{}
[2022-01-05T13:45:50.157] [INFO] info - get params:{}
[2022-01-05T13:45:50.158] [INFO] info - post params:{}
[2022-01-05T13:48:00.713] [INFO] info - get params:{}
[2022-01-05T13:48:00.713] [INFO] info - post params:{"userName":"admin","userPwd":"123456"}
[2022-01-05T13:48:00.762] [INFO] info - get params:{}
[2022-01-05T13:48:00.762] [INFO] info - post params:{}
[2022-01-05T13:48:00.764] [INFO] info - get params:{}
[2022-01-05T13:48:00.764] [INFO] info - post params:{}
[2022-01-05T13:49:08.051] [INFO] info - info output
[2022-01-05T13:49:08.072] [INFO] info - ******数据库连接成功******
[2022-01-05T13:49:10.797] [INFO] info - info output
[2022-01-05T13:49:10.817] [INFO] info - ******数据库连接成功******
[2022-01-05T13:49:13.358] [INFO] info - info output
[2022-01-05T13:49:13.378] [INFO] info - ******数据库连接成功******
[2022-01-05T13:49:18.834] [INFO] info - get params:{}
[2022-01-05T13:49:18.834] [INFO] info - post params:{"userName":"admin","userPwd":"123456"}
[2022-01-05T13:49:18.898] [INFO] info - get params:{}
[2022-01-05T13:49:18.898] [INFO] info - post params:{}
[2022-01-05T13:49:18.900] [INFO] info - get params:{}
[2022-01-05T13:49:18.901] [INFO] info - post params:{}
[2022-01-05T13:50:04.704] [INFO] info - info output
[2022-01-05T13:50:04.729] [INFO] info - ******数据库连接成功******
[2022-01-05T13:50:07.166] [INFO] info - get params:{}
[2022-01-05T13:50:07.167] [INFO] info - post params:{"userName":"admin","userPwd":"123456"}
[2022-01-05T13:50:07.231] [INFO] info - get params:{}
[2022-01-05T13:50:07.231] [INFO] info - post params:{}
[2022-01-05T13:50:07.234] [INFO] info - get params:{}
[2022-01-05T13:50:07.235] [INFO] info - post params:{}
[2022-01-05T13:51:21.636] [INFO] info - info output
[2022-01-05T13:51:21.658] [INFO] info - ******数据库连接成功******
[2022-01-05T13:51:46.888] [INFO] info - get params:{}
[2022-01-05T13:51:46.889] [INFO] info - post params:{"userName":"admin","userPwd":"123456"}
[2022-01-05T13:51:46.958] [INFO] info - get params:{}
[2022-01-05T13:51:46.958] [INFO] info - post params:{}
[2022-01-05T13:51:46.960] [INFO] info - get params:{}
[2022-01-05T13:51:46.961] [INFO] info - post params:{}
[2022-01-05T13:52:34.533] [INFO] info - info output
[2022-01-05T13:52:34.553] [INFO] info - ******数据库连接成功******
[2022-01-05T13:52:54.881] [INFO] info - info output
[2022-01-05T13:52:54.900] [INFO] info - ******数据库连接成功******
[2022-01-05T13:52:58.325] [INFO] info - info output
[2022-01-05T13:52:58.344] [INFO] info - ******数据库连接成功******
[2022-01-05T13:53:02.355] [INFO] info - info output
[2022-01-05T13:53:02.373] [INFO] info - ******数据库连接成功******
[2022-01-05T13:53:08.699] [INFO] info - info output
[2022-01-05T13:53:08.718] [INFO] info - ******数据库连接成功******
[2022-01-05T13:53:16.604] [INFO] info - info output
[2022-01-05T13:53:16.623] [INFO] info - ******数据库连接成功******
[2022-01-05T13:53:19.985] [INFO] info - info output
[2022-01-05T13:53:20.004] [INFO] info - ******数据库连接成功******
[2022-01-05T13:53:25.443] [INFO] info - get params:{}
[2022-01-05T13:53:25.443] [INFO] info - post params:{"userName":"admin","userPwd":"123456"}
[2022-01-05T13:53:25.704] [INFO] info - get params:{}
[2022-01-05T13:53:25.704] [INFO] info - post params:{}
[2022-01-05T13:53:25.795] [INFO] info - get params:{}
[2022-01-05T13:53:25.795] [INFO] info - post params:{}
[2022-01-05T13:53:28.912] [INFO] info - get params:{}
[2022-01-05T13:53:28.912] [INFO] info - post params:{}
[2022-01-05T13:53:28.915] [INFO] info - get params:{}
[2022-01-05T13:53:28.915] [INFO] info - post params:{}
[2022-01-05T13:53:40.339] [INFO] info - get params:{}
[2022-01-05T13:53:40.339] [INFO] info - post params:{"userName":"admin","userPwd":"123456"}
[2022-01-05T13:53:40.391] [INFO] info - get params:{}
[2022-01-05T13:53:40.391] [INFO] info - post params:{}
[2022-01-05T13:53:40.394] [INFO] info - get params:{}
[2022-01-05T13:53:40.395] [INFO] info - post params:{}
[2022-01-05T13:54:13.212] [INFO] info - info output
[2022-01-05T13:54:13.231] [INFO] info - ******数据库连接成功******
[2022-01-05T13:54:16.364] [INFO] info - info output
[2022-01-05T13:54:16.383] [INFO] info - ******数据库连接成功******
[2022-01-05T13:54:20.095] [INFO] info - info output
[2022-01-05T13:54:20.114] [INFO] info - ******数据库连接成功******
[2022-01-05T13:54:27.885] [INFO] info - info output
[2022-01-05T13:54:27.903] [INFO] info - ******数据库连接成功******
[2022-01-05T13:54:30.331] [INFO] info - info output
[2022-01-05T13:54:30.351] [INFO] info - ******数据库连接成功******
[2022-01-05T13:54:32.407] [INFO] info - info output
[2022-01-05T13:54:32.425] [INFO] info - ******数据库连接成功******
[2022-01-05T13:54:35.791] [INFO] info - info output
[2022-01-05T13:54:35.812] [INFO] info - ******数据库连接成功******
[2022-01-05T13:54:38.077] [INFO] info - info output
[2022-01-05T13:54:38.097] [INFO] info - ******数据库连接成功******
[2022-01-05T13:54:42.469] [INFO] info - info output
[2022-01-05T13:54:42.489] [INFO] info - ******数据库连接成功******
[2022-01-05T13:54:44.108] [INFO] info - info output
[2022-01-05T13:54:44.128] [INFO] info - ******数据库连接成功******
[2022-01-05T13:54:50.090] [INFO] info - info output
[2022-01-05T13:54:50.109] [INFO] info - ******数据库连接成功******
[2022-01-05T13:54:53.367] [INFO] info - info output
[2022-01-05T13:54:53.386] [INFO] info - ******数据库连接成功******
[2022-01-05T13:54:56.691] [INFO] info - info output
[2022-01-05T13:54:56.718] [INFO] info - ******数据库连接成功******
[2022-01-05T13:55:01.517] [INFO] info - info output
[2022-01-05T13:55:01.537] [INFO] info - ******数据库连接成功******
[2022-01-05T13:55:09.984] [INFO] info - info output
[2022-01-05T13:55:10.004] [INFO] info - ******数据库连接成功******
[2022-01-05T13:55:13.314] [INFO] info - info output
[2022-01-05T13:55:13.334] [INFO] info - ******数据库连接成功******
[2022-01-05T13:55:18.108] [INFO] info - get params:{}
[2022-01-05T13:55:18.109] [INFO] info - post params:{"userName":"admin","userPwd":"123456"}
[2022-01-05T13:55:18.176] [INFO] info - get params:{}
[2022-01-05T13:55:18.177] [INFO] info - post params:{}
[2022-01-05T13:55:18.179] [INFO] info - get params:{}
[2022-01-05T13:55:18.179] [INFO] info - post params:{}
[2022-01-05T13:55:32.152] [INFO] info - info output
[2022-01-05T13:55:32.172] [INFO] info - ******数据库连接成功******
[2022-01-05T13:56:10.475] [INFO] info - info output
[2022-01-05T13:56:10.494] [INFO] info - ******数据库连接成功******
[2022-01-05T13:56:13.775] [INFO] info - info output
[2022-01-05T13:56:13.795] [INFO] info - ******数据库连接成功******
[2022-01-05T13:56:24.354] [INFO] info - info output
[2022-01-05T13:56:24.373] [INFO] info - ******数据库连接成功******
[2022-01-05T13:56:30.604] [INFO] info - info output
[2022-01-05T13:56:30.623] [INFO] info - ******数据库连接成功******
[2022-01-05T13:56:32.985] [INFO] info - info output
[2022-01-05T13:56:33.005] [INFO] info - ******数据库连接成功******
[2022-01-05T13:56:35.744] [INFO] info - info output
[2022-01-05T13:56:35.763] [INFO] info - ******数据库连接成功******
[2022-01-05T13:56:39.177] [INFO] info - info output
[2022-01-05T13:56:39.196] [INFO] info - ******数据库连接成功******
[2022-01-05T13:56:47.075] [INFO] info - info output
[2022-01-05T13:56:47.093] [INFO] info - ******数据库连接成功******
[2022-01-05T13:56:48.696] [INFO] info - info output
[2022-01-05T13:56:48.716] [INFO] info - ******数据库连接成功******
[2022-01-05T13:56:50.558] [INFO] info - info output
[2022-01-05T13:56:50.579] [INFO] info - ******数据库连接成功******
[2022-01-05T13:56:57.990] [INFO] info - get params:{}
[2022-01-05T13:56:57.990] [INFO] info - post params:{"userName":"admin","userPwd":"123456"}
[2022-01-05T13:56:58.056] [INFO] info - get params:{}
[2022-01-05T13:56:58.058] [INFO] info - post params:{}
[2022-01-05T13:56:58.060] [INFO] info - get params:{}
[2022-01-05T13:56:58.061] [INFO] info - post params:{}
[2022-01-05T13:57:12.323] [INFO] info - info output
[2022-01-05T13:57:12.342] [INFO] info - ******数据库连接成功******
[2022-01-05T13:57:29.267] [INFO] info - info output
[2022-01-05T13:57:29.287] [INFO] info - ******数据库连接成功******
[2022-01-05T13:57:56.591] [INFO] info - info output
[2022-01-05T13:57:56.609] [INFO] info - ******数据库连接成功******
[2022-01-05T13:58:01.132] [INFO] info - info output
[2022-01-05T13:58:01.152] [INFO] info - ******数据库连接成功******
[2022-01-05T13:58:09.233] [INFO] info - info output
[2022-01-05T13:58:09.253] [INFO] info - ******数据库连接成功******
[2022-01-05T13:58:12.921] [INFO] info - info output
[2022-01-05T13:58:12.939] [INFO] info - ******数据库连接成功******
[2022-01-05T13:58:17.525] [INFO] info - info output
[2022-01-05T13:58:17.544] [INFO] info - ******数据库连接成功******
[2022-01-05T13:58:20.662] [INFO] info - info output
[2022-01-05T13:58:20.687] [INFO] info - ******数据库连接成功******
[2022-01-05T13:58:22.604] [INFO] info - info output
[2022-01-05T13:58:22.623] [INFO] info - ******数据库连接成功******
[2022-01-05T13:58:36.639] [INFO] info - info output
[2022-01-05T13:58:36.659] [INFO] info - ******数据库连接成功******
[2022-01-05T13:58:39.622] [INFO] info - info output
[2022-01-05T13:58:39.640] [INFO] info - ******数据库连接成功******
[2022-01-05T13:58:45.850] [INFO] info - info output
[2022-01-05T13:58:45.869] [INFO] info - ******数据库连接成功******
[2022-01-05T13:58:53.172] [INFO] info - info output
[2022-01-05T13:58:53.192] [INFO] info - ******数据库连接成功******
[2022-01-05T13:58:56.140] [INFO] info - info output
[2022-01-05T13:58:56.160] [INFO] info - ******数据库连接成功******
[2022-01-05T13:59:00.680] [INFO] info - info output
[2022-01-05T13:59:00.699] [INFO] info - ******数据库连接成功******
[2022-01-05T13:59:09.608] [INFO] info - info output
[2022-01-05T13:59:09.627] [INFO] info - ******数据库连接成功******
[2022-01-05T13:59:12.503] [INFO] info - get params:{}
[2022-01-05T13:59:12.504] [INFO] info - post params:{}
[2022-01-05T13:59:12.513] [INFO] info - get params:{}
[2022-01-05T13:59:12.513] [INFO] info - post params:{}
[2022-01-05T13:59:16.165] [INFO] info - get params:{}
[2022-01-05T13:59:16.166] [INFO] info - post params:{"userName":"admin","userPwd":"123456"}
[2022-01-05T13:59:16.223] [INFO] info - get params:{}
[2022-01-05T13:59:16.223] [INFO] info - post params:{}
[2022-01-05T13:59:16.225] [INFO] info - get params:{}
[2022-01-05T13:59:16.226] [INFO] info - post params:{}
[2022-01-05T13:59:28.275] [INFO] info - info output
[2022-01-05T13:59:28.293] [INFO] info - ******数据库连接成功******
[2022-01-05T13:59:33.580] [INFO] info - info output
[2022-01-05T13:59:33.600] [INFO] info - ******数据库连接成功******
[2022-01-05T14:00:07.252] [INFO] info - info output
[2022-01-05T14:00:07.273] [INFO] info - ******数据库连接成功******
[2022-01-05T14:00:08.905] [INFO] info - info output
[2022-01-05T14:00:08.925] [INFO] info - ******数据库连接成功******
[2022-01-05T14:00:17.551] [INFO] info - info output
[2022-01-05T14:00:17.570] [INFO] info - ******数据库连接成功******
[2022-01-05T14:01:02.259] [INFO] info - info output
[2022-01-05T14:01:02.278] [INFO] info - ******数据库连接成功******
[2022-01-05T14:01:06.816] [INFO] info - info output
[2022-01-05T14:01:06.835] [INFO] info - ******数据库连接成功******
[2022-01-05T14:01:09.173] [INFO] info - info output
[2022-01-05T14:01:09.194] [INFO] info - ******数据库连接成功******
[2022-01-05T14:01:11.464] [INFO] info - info output
[2022-01-05T14:01:11.482] [INFO] info - ******数据库连接成功******
