[2022-01-22T22:08:59.498] [ERROR] error - JsonWebTokenError: invalid signature
    at D:\桌面文件\Web前端\前端课程\Vue代码\09-Vue3全栈项目\manager-server\node_modules\jsonwebtoken\verify.js:133:19
    at getSecret (D:\桌面文件\Web前端\前端课程\Vue代码\09-Vue3全栈项目\manager-server\node_modules\jsonwebtoken\verify.js:90:14)
    at Object.module.exports [as verify] (D:\桌面文件\Web前端\前端课程\Vue代码\09-Vue3全栈项目\manager-server\node_modules\jsonwebtoken\verify.js:94:10)
    at Object.decoded (D:\桌面文件\Web前端\前端课程\Vue代码\09-Vue3全栈项目\manager-server\utils\util.js:60:18)
    at D:\桌面文件\Web前端\前端课程\Vue代码\09-Vue3全栈项目\manager-server\routes\users.js:167:23
    at dispatch (D:\桌面文件\Web前端\前端课程\Vue代码\09-Vue3全栈项目\manager-server\node_modules\koa-compose\index.js:44:32)
    at next (D:\桌面文件\Web前端\前端课程\Vue代码\09-Vue3全栈项目\manager-server\node_modules\koa-compose\index.js:45:18)
    at D:\桌面文件\Web前端\前端课程\Vue代码\09-Vue3全栈项目\manager-server\node_modules\koa-router\lib\router.js:346:16
    at dispatch (D:\桌面文件\Web前端\前端课程\Vue代码\09-Vue3全栈项目\manager-server\node_modules\koa-compose\index.js:44:32)
    at D:\桌面文件\Web前端\前端课程\Vue代码\09-Vue3全栈项目\manager-server\node_modules\koa-compose\index.js:36:12
    at dispatch (D:\桌面文件\Web前端\前端课程\Vue代码\09-Vue3全栈项目\manager-server\node_modules\koa-router\lib\router.js:351:31)
    at dispatch (D:\桌面文件\Web前端\前端课程\Vue代码\09-Vue3全栈项目\manager-server\node_modules\koa\node_modules\koa-compose\index.js:42:32)
    at jwt (D:\桌面文件\Web前端\前端课程\Vue代码\09-Vue3全栈项目\manager-server\node_modules\koa-jwt\lib\index.js:73:16)
    at async D:\桌面文件\Web前端\前端课程\Vue代码\09-Vue3全栈项目\manager-server\app.js:62:3
    at async serve (D:\桌面文件\Web前端\前端课程\Vue代码\09-Vue3全栈项目\manager-server\node_modules\koa-static\index.js:53:9)
    at async bodyParser (D:\桌面文件\Web前端\前端课程\Vue代码\09-Vue3全栈项目\manager-server\node_modules\koa-bodyparser\index.js:95:5)
[2022-01-22T22:09:10.664] [ERROR] error - JsonWebTokenError: invalid signature
    at D:\桌面文件\Web前端\前端课程\Vue代码\09-Vue3全栈项目\manager-server\node_modules\jsonwebtoken\verify.js:133:19
    at getSecret (D:\桌面文件\Web前端\前端课程\Vue代码\09-Vue3全栈项目\manager-server\node_modules\jsonwebtoken\verify.js:90:14)
    at Object.module.exports [as verify] (D:\桌面文件\Web前端\前端课程\Vue代码\09-Vue3全栈项目\manager-server\node_modules\jsonwebtoken\verify.js:94:10)
    at Object.decoded (D:\桌面文件\Web前端\前端课程\Vue代码\09-Vue3全栈项目\manager-server\utils\util.js:60:18)
    at D:\桌面文件\Web前端\前端课程\Vue代码\09-Vue3全栈项目\manager-server\routes\users.js:167:23
    at dispatch (D:\桌面文件\Web前端\前端课程\Vue代码\09-Vue3全栈项目\manager-server\node_modules\koa-compose\index.js:44:32)
    at next (D:\桌面文件\Web前端\前端课程\Vue代码\09-Vue3全栈项目\manager-server\node_modules\koa-compose\index.js:45:18)
    at D:\桌面文件\Web前端\前端课程\Vue代码\09-Vue3全栈项目\manager-server\node_modules\koa-router\lib\router.js:346:16
    at dispatch (D:\桌面文件\Web前端\前端课程\Vue代码\09-Vue3全栈项目\manager-server\node_modules\koa-compose\index.js:44:32)
    at D:\桌面文件\Web前端\前端课程\Vue代码\09-Vue3全栈项目\manager-server\node_modules\koa-compose\index.js:36:12
    at dispatch (D:\桌面文件\Web前端\前端课程\Vue代码\09-Vue3全栈项目\manager-server\node_modules\koa-router\lib\router.js:351:31)
    at dispatch (D:\桌面文件\Web前端\前端课程\Vue代码\09-Vue3全栈项目\manager-server\node_modules\koa\node_modules\koa-compose\index.js:42:32)
    at jwt (D:\桌面文件\Web前端\前端课程\Vue代码\09-Vue3全栈项目\manager-server\node_modules\koa-jwt\lib\index.js:73:16)
    at async D:\桌面文件\Web前端\前端课程\Vue代码\09-Vue3全栈项目\manager-server\app.js:62:3
    at async serve (D:\桌面文件\Web前端\前端课程\Vue代码\09-Vue3全栈项目\manager-server\node_modules\koa-static\index.js:53:9)
    at async bodyParser (D:\桌面文件\Web前端\前端课程\Vue代码\09-Vue3全栈项目\manager-server\node_modules\koa-bodyparser\index.js:95:5)
[2022-01-22T22:09:32.840] [ERROR] error - JsonWebTokenError: invalid signature
    at D:\桌面文件\Web前端\前端课程\Vue代码\09-Vue3全栈项目\manager-server\node_modules\jsonwebtoken\verify.js:133:19
    at getSecret (D:\桌面文件\Web前端\前端课程\Vue代码\09-Vue3全栈项目\manager-server\node_modules\jsonwebtoken\verify.js:90:14)
    at Object.module.exports [as verify] (D:\桌面文件\Web前端\前端课程\Vue代码\09-Vue3全栈项目\manager-server\node_modules\jsonwebtoken\verify.js:94:10)
    at Object.decoded (D:\桌面文件\Web前端\前端课程\Vue代码\09-Vue3全栈项目\manager-server\utils\util.js:60:18)
    at D:\桌面文件\Web前端\前端课程\Vue代码\09-Vue3全栈项目\manager-server\routes\users.js:167:23
    at dispatch (D:\桌面文件\Web前端\前端课程\Vue代码\09-Vue3全栈项目\manager-server\node_modules\koa-compose\index.js:44:32)
    at next (D:\桌面文件\Web前端\前端课程\Vue代码\09-Vue3全栈项目\manager-server\node_modules\koa-compose\index.js:45:18)
    at D:\桌面文件\Web前端\前端课程\Vue代码\09-Vue3全栈项目\manager-server\node_modules\koa-router\lib\router.js:346:16
    at dispatch (D:\桌面文件\Web前端\前端课程\Vue代码\09-Vue3全栈项目\manager-server\node_modules\koa-compose\index.js:44:32)
    at D:\桌面文件\Web前端\前端课程\Vue代码\09-Vue3全栈项目\manager-server\node_modules\koa-compose\index.js:36:12
    at dispatch (D:\桌面文件\Web前端\前端课程\Vue代码\09-Vue3全栈项目\manager-server\node_modules\koa-router\lib\router.js:351:31)
    at dispatch (D:\桌面文件\Web前端\前端课程\Vue代码\09-Vue3全栈项目\manager-server\node_modules\koa\node_modules\koa-compose\index.js:42:32)
    at jwt (D:\桌面文件\Web前端\前端课程\Vue代码\09-Vue3全栈项目\manager-server\node_modules\koa-jwt\lib\index.js:73:16)
    at async D:\桌面文件\Web前端\前端课程\Vue代码\09-Vue3全栈项目\manager-server\app.js:62:3
    at async serve (D:\桌面文件\Web前端\前端课程\Vue代码\09-Vue3全栈项目\manager-server\node_modules\koa-static\index.js:53:9)
    at async bodyParser (D:\桌面文件\Web前端\前端课程\Vue代码\09-Vue3全栈项目\manager-server\node_modules\koa-bodyparser\index.js:95:5)
[2022-01-22T22:09:41.608] [ERROR] error - JsonWebTokenError: invalid signature
    at D:\桌面文件\Web前端\前端课程\Vue代码\09-Vue3全栈项目\manager-server\node_modules\jsonwebtoken\verify.js:133:19
    at getSecret (D:\桌面文件\Web前端\前端课程\Vue代码\09-Vue3全栈项目\manager-server\node_modules\jsonwebtoken\verify.js:90:14)
    at Object.module.exports [as verify] (D:\桌面文件\Web前端\前端课程\Vue代码\09-Vue3全栈项目\manager-server\node_modules\jsonwebtoken\verify.js:94:10)
    at Object.decoded (D:\桌面文件\Web前端\前端课程\Vue代码\09-Vue3全栈项目\manager-server\utils\util.js:60:18)
    at D:\桌面文件\Web前端\前端课程\Vue代码\09-Vue3全栈项目\manager-server\routes\users.js:167:23
    at dispatch (D:\桌面文件\Web前端\前端课程\Vue代码\09-Vue3全栈项目\manager-server\node_modules\koa-compose\index.js:44:32)
    at next (D:\桌面文件\Web前端\前端课程\Vue代码\09-Vue3全栈项目\manager-server\node_modules\koa-compose\index.js:45:18)
    at D:\桌面文件\Web前端\前端课程\Vue代码\09-Vue3全栈项目\manager-server\node_modules\koa-router\lib\router.js:346:16
    at dispatch (D:\桌面文件\Web前端\前端课程\Vue代码\09-Vue3全栈项目\manager-server\node_modules\koa-compose\index.js:44:32)
    at D:\桌面文件\Web前端\前端课程\Vue代码\09-Vue3全栈项目\manager-server\node_modules\koa-compose\index.js:36:12
    at dispatch (D:\桌面文件\Web前端\前端课程\Vue代码\09-Vue3全栈项目\manager-server\node_modules\koa-router\lib\router.js:351:31)
    at dispatch (D:\桌面文件\Web前端\前端课程\Vue代码\09-Vue3全栈项目\manager-server\node_modules\koa\node_modules\koa-compose\index.js:42:32)
    at jwt (D:\桌面文件\Web前端\前端课程\Vue代码\09-Vue3全栈项目\manager-server\node_modules\koa-jwt\lib\index.js:73:16)
    at async D:\桌面文件\Web前端\前端课程\Vue代码\09-Vue3全栈项目\manager-server\app.js:62:3
    at async serve (D:\桌面文件\Web前端\前端课程\Vue代码\09-Vue3全栈项目\manager-server\node_modules\koa-static\index.js:53:9)
    at async bodyParser (D:\桌面文件\Web前端\前端课程\Vue代码\09-Vue3全栈项目\manager-server\node_modules\koa-bodyparser\index.js:95:5)
[2022-01-22T22:11:42.942] [ERROR] error - JsonWebTokenError: invalid signature
    at D:\桌面文件\Web前端\前端课程\Vue代码\09-Vue3全栈项目\manager-server\node_modules\jsonwebtoken\verify.js:133:19
    at getSecret (D:\桌面文件\Web前端\前端课程\Vue代码\09-Vue3全栈项目\manager-server\node_modules\jsonwebtoken\verify.js:90:14)
    at Object.module.exports [as verify] (D:\桌面文件\Web前端\前端课程\Vue代码\09-Vue3全栈项目\manager-server\node_modules\jsonwebtoken\verify.js:94:10)
    at Object.decoded (D:\桌面文件\Web前端\前端课程\Vue代码\09-Vue3全栈项目\manager-server\utils\util.js:60:18)
    at D:\桌面文件\Web前端\前端课程\Vue代码\09-Vue3全栈项目\manager-server\routes\users.js:167:23
    at dispatch (D:\桌面文件\Web前端\前端课程\Vue代码\09-Vue3全栈项目\manager-server\node_modules\koa-compose\index.js:44:32)
    at next (D:\桌面文件\Web前端\前端课程\Vue代码\09-Vue3全栈项目\manager-server\node_modules\koa-compose\index.js:45:18)
    at D:\桌面文件\Web前端\前端课程\Vue代码\09-Vue3全栈项目\manager-server\node_modules\koa-router\lib\router.js:346:16
    at dispatch (D:\桌面文件\Web前端\前端课程\Vue代码\09-Vue3全栈项目\manager-server\node_modules\koa-compose\index.js:44:32)
    at D:\桌面文件\Web前端\前端课程\Vue代码\09-Vue3全栈项目\manager-server\node_modules\koa-compose\index.js:36:12
    at dispatch (D:\桌面文件\Web前端\前端课程\Vue代码\09-Vue3全栈项目\manager-server\node_modules\koa-router\lib\router.js:351:31)
    at dispatch (D:\桌面文件\Web前端\前端课程\Vue代码\09-Vue3全栈项目\manager-server\node_modules\koa\node_modules\koa-compose\index.js:42:32)
    at jwt (D:\桌面文件\Web前端\前端课程\Vue代码\09-Vue3全栈项目\manager-server\node_modules\koa-jwt\lib\index.js:73:16)
    at async D:\桌面文件\Web前端\前端课程\Vue代码\09-Vue3全栈项目\manager-server\app.js:62:3
    at async serve (D:\桌面文件\Web前端\前端课程\Vue代码\09-Vue3全栈项目\manager-server\node_modules\koa-static\index.js:53:9)
    at async bodyParser (D:\桌面文件\Web前端\前端课程\Vue代码\09-Vue3全栈项目\manager-server\node_modules\koa-bodyparser\index.js:95:5)
[2022-01-22T22:12:40.276] [ERROR] error - JsonWebTokenError: invalid signature
    at D:\桌面文件\Web前端\前端课程\Vue代码\09-Vue3全栈项目\manager-server\node_modules\jsonwebtoken\verify.js:133:19
    at getSecret (D:\桌面文件\Web前端\前端课程\Vue代码\09-Vue3全栈项目\manager-server\node_modules\jsonwebtoken\verify.js:90:14)
    at Object.module.exports [as verify] (D:\桌面文件\Web前端\前端课程\Vue代码\09-Vue3全栈项目\manager-server\node_modules\jsonwebtoken\verify.js:94:10)
    at Object.decoded (D:\桌面文件\Web前端\前端课程\Vue代码\09-Vue3全栈项目\manager-server\utils\util.js:60:18)
    at D:\桌面文件\Web前端\前端课程\Vue代码\09-Vue3全栈项目\manager-server\routes\users.js:170:23
    at dispatch (D:\桌面文件\Web前端\前端课程\Vue代码\09-Vue3全栈项目\manager-server\node_modules\koa-compose\index.js:44:32)
    at next (D:\桌面文件\Web前端\前端课程\Vue代码\09-Vue3全栈项目\manager-server\node_modules\koa-compose\index.js:45:18)
    at D:\桌面文件\Web前端\前端课程\Vue代码\09-Vue3全栈项目\manager-server\node_modules\koa-router\lib\router.js:346:16
    at dispatch (D:\桌面文件\Web前端\前端课程\Vue代码\09-Vue3全栈项目\manager-server\node_modules\koa-compose\index.js:44:32)
    at D:\桌面文件\Web前端\前端课程\Vue代码\09-Vue3全栈项目\manager-server\node_modules\koa-compose\index.js:36:12
    at dispatch (D:\桌面文件\Web前端\前端课程\Vue代码\09-Vue3全栈项目\manager-server\node_modules\koa-router\lib\router.js:351:31)
    at dispatch (D:\桌面文件\Web前端\前端课程\Vue代码\09-Vue3全栈项目\manager-server\node_modules\koa\node_modules\koa-compose\index.js:42:32)
    at jwt (D:\桌面文件\Web前端\前端课程\Vue代码\09-Vue3全栈项目\manager-server\node_modules\koa-jwt\lib\index.js:73:16)
    at async D:\桌面文件\Web前端\前端课程\Vue代码\09-Vue3全栈项目\manager-server\app.js:62:3
    at async serve (D:\桌面文件\Web前端\前端课程\Vue代码\09-Vue3全栈项目\manager-server\node_modules\koa-static\index.js:53:9)
    at async bodyParser (D:\桌面文件\Web前端\前端课程\Vue代码\09-Vue3全栈项目\manager-server\node_modules\koa-bodyparser\index.js:95:5)
[2022-01-22T22:16:47.976] [ERROR] error - JsonWebTokenError: invalid signature
    at D:\桌面文件\Web前端\前端课程\Vue代码\09-Vue3全栈项目\manager-server\node_modules\jsonwebtoken\verify.js:133:19
    at getSecret (D:\桌面文件\Web前端\前端课程\Vue代码\09-Vue3全栈项目\manager-server\node_modules\jsonwebtoken\verify.js:90:14)
    at Object.module.exports [as verify] (D:\桌面文件\Web前端\前端课程\Vue代码\09-Vue3全栈项目\manager-server\node_modules\jsonwebtoken\verify.js:94:10)
    at Object.decoded (D:\桌面文件\Web前端\前端课程\Vue代码\09-Vue3全栈项目\manager-server\utils\util.js:60:18)
    at D:\桌面文件\Web前端\前端课程\Vue代码\09-Vue3全栈项目\manager-server\routes\users.js:170:23
    at dispatch (D:\桌面文件\Web前端\前端课程\Vue代码\09-Vue3全栈项目\manager-server\node_modules\koa-compose\index.js:44:32)
    at next (D:\桌面文件\Web前端\前端课程\Vue代码\09-Vue3全栈项目\manager-server\node_modules\koa-compose\index.js:45:18)
    at D:\桌面文件\Web前端\前端课程\Vue代码\09-Vue3全栈项目\manager-server\node_modules\koa-router\lib\router.js:346:16
    at dispatch (D:\桌面文件\Web前端\前端课程\Vue代码\09-Vue3全栈项目\manager-server\node_modules\koa-compose\index.js:44:32)
    at D:\桌面文件\Web前端\前端课程\Vue代码\09-Vue3全栈项目\manager-server\node_modules\koa-compose\index.js:36:12
    at dispatch (D:\桌面文件\Web前端\前端课程\Vue代码\09-Vue3全栈项目\manager-server\node_modules\koa-router\lib\router.js:351:31)
    at dispatch (D:\桌面文件\Web前端\前端课程\Vue代码\09-Vue3全栈项目\manager-server\node_modules\koa\node_modules\koa-compose\index.js:42:32)
    at jwt (D:\桌面文件\Web前端\前端课程\Vue代码\09-Vue3全栈项目\manager-server\node_modules\koa-jwt\lib\index.js:73:16)
    at async D:\桌面文件\Web前端\前端课程\Vue代码\09-Vue3全栈项目\manager-server\app.js:62:3
    at async serve (D:\桌面文件\Web前端\前端课程\Vue代码\09-Vue3全栈项目\manager-server\node_modules\koa-static\index.js:53:9)
    at async bodyParser (D:\桌面文件\Web前端\前端课程\Vue代码\09-Vue3全栈项目\manager-server\node_modules\koa-bodyparser\index.js:95:5)
[2022-01-22T22:19:15.588] [ERROR] error - JsonWebTokenError: invalid signature
    at D:\桌面文件\Web前端\前端课程\Vue代码\09-Vue3全栈项目\manager-server\node_modules\jsonwebtoken\verify.js:133:19
    at getSecret (D:\桌面文件\Web前端\前端课程\Vue代码\09-Vue3全栈项目\manager-server\node_modules\jsonwebtoken\verify.js:90:14)
    at Object.module.exports [as verify] (D:\桌面文件\Web前端\前端课程\Vue代码\09-Vue3全栈项目\manager-server\node_modules\jsonwebtoken\verify.js:94:10)
    at Object.decoded (D:\桌面文件\Web前端\前端课程\Vue代码\09-Vue3全栈项目\manager-server\utils\util.js:60:18)
    at D:\桌面文件\Web前端\前端课程\Vue代码\09-Vue3全栈项目\manager-server\routes\users.js:172:23
    at dispatch (D:\桌面文件\Web前端\前端课程\Vue代码\09-Vue3全栈项目\manager-server\node_modules\koa-compose\index.js:44:32)
    at next (D:\桌面文件\Web前端\前端课程\Vue代码\09-Vue3全栈项目\manager-server\node_modules\koa-compose\index.js:45:18)
    at D:\桌面文件\Web前端\前端课程\Vue代码\09-Vue3全栈项目\manager-server\node_modules\koa-router\lib\router.js:346:16
    at dispatch (D:\桌面文件\Web前端\前端课程\Vue代码\09-Vue3全栈项目\manager-server\node_modules\koa-compose\index.js:44:32)
    at D:\桌面文件\Web前端\前端课程\Vue代码\09-Vue3全栈项目\manager-server\node_modules\koa-compose\index.js:36:12
    at dispatch (D:\桌面文件\Web前端\前端课程\Vue代码\09-Vue3全栈项目\manager-server\node_modules\koa-router\lib\router.js:351:31)
    at dispatch (D:\桌面文件\Web前端\前端课程\Vue代码\09-Vue3全栈项目\manager-server\node_modules\koa\node_modules\koa-compose\index.js:42:32)
    at jwt (D:\桌面文件\Web前端\前端课程\Vue代码\09-Vue3全栈项目\manager-server\node_modules\koa-jwt\lib\index.js:73:16)
    at async D:\桌面文件\Web前端\前端课程\Vue代码\09-Vue3全栈项目\manager-server\app.js:62:3
    at async serve (D:\桌面文件\Web前端\前端课程\Vue代码\09-Vue3全栈项目\manager-server\node_modules\koa-static\index.js:53:9)
    at async bodyParser (D:\桌面文件\Web前端\前端课程\Vue代码\09-Vue3全栈项目\manager-server\node_modules\koa-bodyparser\index.js:95:5)
[2022-01-22T22:21:14.047] [ERROR] error - JsonWebTokenError: invalid signature
    at D:\桌面文件\Web前端\前端课程\Vue代码\09-Vue3全栈项目\manager-server\node_modules\jsonwebtoken\verify.js:133:19
    at getSecret (D:\桌面文件\Web前端\前端课程\Vue代码\09-Vue3全栈项目\manager-server\node_modules\jsonwebtoken\verify.js:90:14)
    at Object.module.exports [as verify] (D:\桌面文件\Web前端\前端课程\Vue代码\09-Vue3全栈项目\manager-server\node_modules\jsonwebtoken\verify.js:94:10)
    at Object.decoded (D:\桌面文件\Web前端\前端课程\Vue代码\09-Vue3全栈项目\manager-server\utils\util.js:60:18)
    at D:\桌面文件\Web前端\前端课程\Vue代码\09-Vue3全栈项目\manager-server\routes\users.js:172:23
    at dispatch (D:\桌面文件\Web前端\前端课程\Vue代码\09-Vue3全栈项目\manager-server\node_modules\koa-compose\index.js:44:32)
    at next (D:\桌面文件\Web前端\前端课程\Vue代码\09-Vue3全栈项目\manager-server\node_modules\koa-compose\index.js:45:18)
    at D:\桌面文件\Web前端\前端课程\Vue代码\09-Vue3全栈项目\manager-server\node_modules\koa-router\lib\router.js:346:16
    at dispatch (D:\桌面文件\Web前端\前端课程\Vue代码\09-Vue3全栈项目\manager-server\node_modules\koa-compose\index.js:44:32)
    at D:\桌面文件\Web前端\前端课程\Vue代码\09-Vue3全栈项目\manager-server\node_modules\koa-compose\index.js:36:12
    at dispatch (D:\桌面文件\Web前端\前端课程\Vue代码\09-Vue3全栈项目\manager-server\node_modules\koa-router\lib\router.js:351:31)
    at dispatch (D:\桌面文件\Web前端\前端课程\Vue代码\09-Vue3全栈项目\manager-server\node_modules\koa\node_modules\koa-compose\index.js:42:32)
    at jwt (D:\桌面文件\Web前端\前端课程\Vue代码\09-Vue3全栈项目\manager-server\node_modules\koa-jwt\lib\index.js:73:16)
    at async D:\桌面文件\Web前端\前端课程\Vue代码\09-Vue3全栈项目\manager-server\app.js:62:3
    at async serve (D:\桌面文件\Web前端\前端课程\Vue代码\09-Vue3全栈项目\manager-server\node_modules\koa-static\index.js:53:9)
    at async bodyParser (D:\桌面文件\Web前端\前端课程\Vue代码\09-Vue3全栈项目\manager-server\node_modules\koa-bodyparser\index.js:95:5)
