Arguments: 
  D:\Node js\node.exe C:\Users\16540\AppData\Roaming\npm\node_modules\yarn\bin\yarn.js add element-plus==1.1.0-beta.19 -S

PATH: 
  C:\Program Files (x86)\Razer Chroma SDK\bin;C:\Program Files\Razer Chroma SDK\bin;C:\Program Files (x86)\Razer\ChromaBroadcast\bin;C:\Program Files\Razer\ChromaBroadcast\bin;C:\WINDOWS\system32;C:\WINDOWS;C:\WINDOWS\System32\Wbem;C:\WINDOWS\System32\WindowsPowerShell\v1.0\;C:\WINDOWS\System32\OpenSSH\;C:\Program Files\NVIDIA Corporation\NVIDIA NvDLISR;C:\Program Files (x86)\NVIDIA Corporation\PhysX\Common;C:\WINDOWS\system32\config\systemprofile\AppData\Local\Microsoft\WindowsApps;C:\Users\16540\AppData\Local\Programs\Python\Python37\Scripts\;C:\Users\16540\AppData\Local\Programs\Python\Python37\;C:\Users\16540\AppData\Local\Programs\Python\Python36\Scripts\;C:\Users\16540\AppData\Local\Programs\Python\Python36\;C:\Users\16540\AppData\Local\Microsoft\WindowsApps;D:\PyCharm\bin;C:\Program Files\Bandizip\;C:\Program Files (x86)\Graphviz2.38\bin;D:\IntelliJ IDEA\IntelliJ IDEA 2019.3.3\bin;C:\Users\16540\AppData\Local\GitHubDesktop\bin;D:\QQ文件\Bin;C;\Users\16540\AppData\Local\Microsoft\WindowsApps;D:\WebStorm 2019.3.3\bin;C:\Users\16540\AppData\Roaming\npm;D:\Microsoft VS Code\bin;D:\java\bin;D:\软件\;D:\Node js\;D:\MongoDB\bin;C:\Users\16540\AppData\Local\Programs\Python\Python37\Scripts\;C:\Users\16540\AppData\Local\Programs\Python\Python37\;C:\Users\16540\AppData\Local\Programs\Python\Python36\Scripts\;C:\Users\16540\AppData\Local\Programs\Python\Python36\;C:\Users\16540\AppData\Local\Microsoft\WindowsApps;D:\PyCharm\bin;C:\Program Files\Bandizip\;C:\Program Files (x86)\Graphviz2.38\bin;D:\IntelliJ IDEA\IntelliJ IDEA 2019.3.3\bin;C:\Users\16540\AppData\Local\GitHubDesktop\bin;D:\QQ文件\Bin;C:\Users\16540\AppData\Local\Microsoft\WindowsApps;D:\WebStorm 2019.3.3\bin;;D:\Microsoft VS Code\bin;C:\Users\16540\AppData\Roaming\npm

Yarn version: 
  1.22.17

Node version: 
  16.13.1

Platform: 
  win32 x64

Trace: 
  Error: https://registry.yarnpkg.com/element-plus==1.1.0-beta.19: Not found
      at Request.params.callback [as _callback] (C:\Users\16540\AppData\Roaming\npm\node_modules\yarn\lib\cli.js:67029:18)
      at Request.self.callback (C:\Users\16540\AppData\Roaming\npm\node_modules\yarn\lib\cli.js:140883:22)
      at Request.emit (node:events:390:28)
      at Request.<anonymous> (C:\Users\16540\AppData\Roaming\npm\node_modules\yarn\lib\cli.js:141855:10)
      at Request.emit (node:events:390:28)
      at IncomingMessage.<anonymous> (C:\Users\16540\AppData\Roaming\npm\node_modules\yarn\lib\cli.js:141777:12)
      at Object.onceWrapper (node:events:509:28)
      at IncomingMessage.emit (node:events:402:35)
      at endReadableNT (node:internal/streams/readable:1343:12)
      at processTicksAndRejections (node:internal/process/task_queues:83:21)

npm manifest: 
  {
    "name": "manager",
    "version": "0.0.0",
    "scripts": {
      "dev": "vite --mode dev",
      "build": "vite build",
      "preview": "vite preview"
    },
    "dependencies": {
      "@element-plus/icons": "^0.0.11",
      "axios": "^0.24.0",
      "element-plus": "^1.3.0-beta.1",
      "vue": "^3.2.23",
      "vue-router": "^4.0.12",
      "vuex": "^4.0.2"
    },
    "devDependencies": {
      "@vitejs/plugin-vue": "^1.10.2",
      "sass": "^1.45.2",
      "vite": "^2.7.0"
    }
  }

yarn manifest: 
  No manifest

Lockfile: 
  # THIS IS AN AUTOGENERATED FILE. DO NOT EDIT THIS FILE DIRECTLY.
  # yarn lockfile v1
  
  
  "@babel/parser@^7.16.4":
    "integrity" "sha512-sR4eaSrnM7BV7QPzGfEX5paG/6wrZM3I0HDzfIAK06ESvo9oy3xBuVBxE3MbQaKNhvg8g/ixjMWo2CGpzpHsDA=="
    "resolved" "https://registry.npmjs.org/@babel/parser/-/parser-7.16.7.tgz"
    "version" "7.16.7"
  
  "@ctrl/tinycolor@^3.4.0":
    "integrity" "sha512-JZButFdZ1+/xAfpguQHoabIXkcqRRKpMrWKBkpEZZyxfY9C1DpADFB8PEqGSTeFr135SaTRfKqGKx5xSCLI7ZQ=="
    "resolved" "https://registry.npmjs.org/@ctrl/tinycolor/-/tinycolor-3.4.0.tgz"
    "version" "3.4.0"
  
  "@element-plus/icons-vue@^0.2.4":
    "integrity" "sha512-RsJNyL58rwxtsjeMy34o8txkL6UlME1stWsUlRpTac6UE9Bx9gdJvnDXbIKhOJqBLX17fBjmposdrn6VTqim2w=="
    "resolved" "https://registry.npmjs.org/@element-plus/icons-vue/-/icons-vue-0.2.4.tgz"
    "version" "0.2.4"
  
  "@element-plus/icons@^0.0.11":
    "integrity" "sha512-iKQXSxXu131Ai+I9Ymtcof9WId7kaXvB1+WRfAfpQCW7UiAMYgdNDqb/u0hgTo2Yq3MwC4MWJnNuTBEpG8r7+A=="
    "resolved" "https://registry.npmjs.org/@element-plus/icons/-/icons-0.0.11.tgz"
    "version" "0.0.11"
  
  "@popperjs/core@^2.10.2":
    "integrity" "sha512-zrsUxjLOKAzdewIDRWy9nsV1GQsKBCWaGwsZQlCgr6/q+vjyZhFgqedLfFBuI9anTPEUT4APq9Mu0SZBTzIcGQ=="
    "resolved" "https://registry.npmjs.org/@popperjs/core/-/core-2.11.0.tgz"
    "version" "2.11.0"
  
  "@vitejs/plugin-vue@^1.10.2":
    "integrity" "sha512-/QJ0Z9qfhAFtKRY+r57ziY4BSbGUTGsPRMpB/Ron3QPwBZM4OZAZHdTa4a8PafCwU5DTatXG8TMDoP8z+oDqJw=="
    "resolved" "https://registry.npmjs.org/@vitejs/plugin-vue/-/plugin-vue-1.10.2.tgz"
    "version" "1.10.2"
  
  "@vue/compiler-core@3.2.26":
    "integrity" "sha512-N5XNBobZbaASdzY9Lga2D9Lul5vdCIOXvUMd6ThcN8zgqQhPKfCV+wfAJNNJKQkSHudnYRO2gEB+lp0iN3g2Tw=="
    "resolved" "https://registry.npmjs.org/@vue/compiler-core/-/compiler-core-3.2.26.tgz"
    "version" "3.2.26"
    dependencies:
      "@babel/parser" "^7.16.4"
      "@vue/shared" "3.2.26"
      "estree-walker" "^2.0.2"
      "source-map" "^0.6.1"
  
  "@vue/compiler-dom@3.2.26":
    "integrity" "sha512-smBfaOW6mQDxcT3p9TKT6mE22vjxjJL50GFVJiI0chXYGU/xzC05QRGrW3HHVuJrmLTLx5zBhsZ2dIATERbarg=="
    "resolved" "https://registry.npmjs.org/@vue/compiler-dom/-/compiler-dom-3.2.26.tgz"
    "version" "3.2.26"
    dependencies:
      "@vue/compiler-core" "3.2.26"
      "@vue/shared" "3.2.26"
  
  "@vue/compiler-sfc@3.2.26":
    "integrity" "sha512-ePpnfktV90UcLdsDQUh2JdiTuhV0Skv2iYXxfNMOK/F3Q+2BO0AulcVcfoksOpTJGmhhfosWfMyEaEf0UaWpIw=="
    "resolved" "https://registry.npmjs.org/@vue/compiler-sfc/-/compiler-sfc-3.2.26.tgz"
    "version" "3.2.26"
    dependencies:
      "@babel/parser" "^7.16.4"
      "@vue/compiler-core" "3.2.26"
      "@vue/compiler-dom" "3.2.26"
      "@vue/compiler-ssr" "3.2.26"
      "@vue/reactivity-transform" "3.2.26"
      "@vue/shared" "3.2.26"
      "estree-walker" "^2.0.2"
      "magic-string" "^0.25.7"
      "postcss" "^8.1.10"
      "source-map" "^0.6.1"
  
  "@vue/compiler-ssr@3.2.26":
    "integrity" "sha512-2mywLX0ODc4Zn8qBoA2PDCsLEZfpUGZcyoFRLSOjyGGK6wDy2/5kyDOWtf0S0UvtoyVq95OTSGIALjZ4k2q/ag=="
    "resolved" "https://registry.npmjs.org/@vue/compiler-ssr/-/compiler-ssr-3.2.26.tgz"
    "version" "3.2.26"
    dependencies:
      "@vue/compiler-dom" "3.2.26"
      "@vue/shared" "3.2.26"
  
  "@vue/devtools-api@^6.0.0-beta.11", "@vue/devtools-api@^6.0.0-beta.18":
    "integrity" "sha512-FqC4s3pm35qGVeXRGOjTsRzlkJjrBLriDS9YXbflHLsfA9FrcKzIyWnLXoNm+/7930E8rRakXuAc2QkC50swAw=="
    "resolved" "https://registry.npmjs.org/@vue/devtools-api/-/devtools-api-6.0.0-beta.21.1.tgz"
    "version" "6.0.0-beta.21.1"
  
  "@vue/reactivity-transform@3.2.26":
    "integrity" "sha512-XKMyuCmzNA7nvFlYhdKwD78rcnmPb7q46uoR00zkX6yZrUmcCQ5OikiwUEVbvNhL5hBJuvbSO95jB5zkUon+eQ=="
    "resolved" "https://registry.npmjs.org/@vue/reactivity-transform/-/reactivity-transform-3.2.26.tgz"
    "version" "3.2.26"
    dependencies:
      "@babel/parser" "^7.16.4"
      "@vue/compiler-core" "3.2.26"
      "@vue/shared" "3.2.26"
      "estree-walker" "^2.0.2"
      "magic-string" "^0.25.7"
  
  "@vue/reactivity@3.2.26":
    "integrity" "sha512-h38bxCZLW6oFJVDlCcAiUKFnXI8xP8d+eO0pcDxx+7dQfSPje2AO6M9S9QO6MrxQB7fGP0DH0dYQ8ksf6hrXKQ=="
    "resolved" "https://registry.npmjs.org/@vue/reactivity/-/reactivity-3.2.26.tgz"
    "version" "3.2.26"
    dependencies:
      "@vue/shared" "3.2.26"
  
  "@vue/runtime-core@3.2.26":
    "integrity" "sha512-BcYi7qZ9Nn+CJDJrHQ6Zsmxei2hDW0L6AB4vPvUQGBm2fZyC0GXd/4nVbyA2ubmuhctD5RbYY8L+5GUJszv9mQ=="
    "resolved" "https://registry.npmjs.org/@vue/runtime-core/-/runtime-core-3.2.26.tgz"
    "version" "3.2.26"
    dependencies:
      "@vue/reactivity" "3.2.26"
      "@vue/shared" "3.2.26"
  
  "@vue/runtime-dom@3.2.26":
    "integrity" "sha512-dY56UIiZI+gjc4e8JQBwAifljyexfVCkIAu/WX8snh8vSOt/gMSEGwPRcl2UpYpBYeyExV8WCbgvwWRNt9cHhQ=="
    "resolved" "https://registry.npmjs.org/@vue/runtime-dom/-/runtime-dom-3.2.26.tgz"
    "version" "3.2.26"
    dependencies:
      "@vue/runtime-core" "3.2.26"
      "@vue/shared" "3.2.26"
      "csstype" "^2.6.8"
  
  "@vue/server-renderer@3.2.26":
    "integrity" "sha512-Jp5SggDUvvUYSBIvYEhy76t4nr1vapY/FIFloWmQzn7UxqaHrrBpbxrqPcTrSgGrcaglj0VBp22BKJNre4aA1w=="
    "resolved" "https://registry.npmjs.org/@vue/server-renderer/-/server-renderer-3.2.26.tgz"
    "version" "3.2.26"
    dependencies:
      "@vue/compiler-ssr" "3.2.26"
      "@vue/shared" "3.2.26"
  
  "@vue/shared@3.2.26":
    "integrity" "sha512-vPV6Cq+NIWbH5pZu+V+2QHE9y1qfuTq49uNWw4f7FDEeZaDU2H2cx5jcUZOAKW7qTrUS4k6qZPbMy1x4N96nbA=="
    "resolved" "https://registry.npmjs.org/@vue/shared/-/shared-3.2.26.tgz"
    "version" "3.2.26"
  
  "@vueuse/core@^7.3.0":
    "integrity" "sha512-GczfdTWqH483zkUHdDYiLm0Tn51OtsQXYc+eBKKIeolh0mgn682KbSYmkrjNytaF7qGc74YxMDAYjkPBW6V2Pg=="
    "resolved" "https://registry.npmjs.org/@vueuse/core/-/core-7.5.1.tgz"
    "version" "7.5.1"
    dependencies:
      "@vueuse/shared" "7.5.1"
      "vue-demi" "*"
  
  "@vueuse/shared@7.5.1":
    "integrity" "sha512-zMQEuYJyTmr5Hj2rYgSbb4H/cSI8mdaa9dUuw20j6rPV+xLV11y7vCyIkxo31uODDr0p77FMlProKzNDiK9rAA=="
    "resolved" "https://registry.npmjs.org/@vueuse/shared/-/shared-7.5.1.tgz"
    "version" "7.5.1"
    dependencies:
      "vue-demi" "*"
  
  "anymatch@~3.1.2":
    "integrity" "sha512-P43ePfOAIupkguHUycrc4qJ9kz8ZiuOUijaETwX7THt0Y/GNK7v0aa8rY816xWjZ7rJdA5XdMcpVFTKMq+RvWg=="
    "resolved" "https://registry.npmjs.org/anymatch/-/anymatch-3.1.2.tgz"
    "version" "3.1.2"
    dependencies:
      "normalize-path" "^3.0.0"
      "picomatch" "^2.0.4"
  
  "async-validator@^4.0.7":
    "integrity" "sha512-Pj2IR7u8hmUEDOwB++su6baaRi+QvsgajuFB9j95foM1N2gy5HM4z60hfusIO0fBPG5uLAEl6yCJr1jNSVugEQ=="
    "resolved" "https://registry.npmjs.org/async-validator/-/async-validator-4.0.7.tgz"
    "version" "4.0.7"
  
  "axios@^0.24.0":
    "integrity" "sha512-Q6cWsys88HoPgAaFAVUb0WpPk0O8iTeisR9IMqy9G8AbO4NlpVknrnQS03zzF9PGAWgO3cgletO3VjV/P7VztA=="
    "resolved" "https://registry.npmjs.org/axios/-/axios-0.24.0.tgz"
    "version" "0.24.0"
    dependencies:
      "follow-redirects" "^1.14.4"
  
  "binary-extensions@^2.0.0":
    "integrity" "sha512-jDctJ/IVQbZoJykoeHbhXpOlNBqGNcwXJKJog42E5HDPUwQTSdjCHdihjj0DlnheQ7blbT6dHOafNAiS8ooQKA=="
    "resolved" "https://registry.npmjs.org/binary-extensions/-/binary-extensions-2.2.0.tgz"
    "version" "2.2.0"
  
  "braces@~3.0.2":
    "integrity" "sha512-b8um+L1RzM3WDSzvhm6gIz1yfTbBt6YTlcEKAvsmqCZZFw46z626lVj9j1yEPW33H5H+lBQpZMP1k8l+78Ha0A=="
    "resolved" "https://registry.npmjs.org/braces/-/braces-3.0.2.tgz"
    "version" "3.0.2"
    dependencies:
      "fill-range" "^7.0.1"
  
  "chokidar@>=3.0.0 <4.0.0":
    "integrity" "sha512-ekGhOnNVPgT77r4K/U3GDhu+FQ2S8TnK/s2KbIGXi0SZWuwkZ2QNyfWdZW+TVfn84DpEP7rLeCt2UI6bJ8GwbQ=="
    "resolved" "https://registry.npmjs.org/chokidar/-/chokidar-3.5.2.tgz"
    "version" "3.5.2"
    dependencies:
      "anymatch" "~3.1.2"
      "braces" "~3.0.2"
      "glob-parent" "~5.1.2"
      "is-binary-path" "~2.1.0"
      "is-glob" "~4.0.1"
      "normalize-path" "~3.0.0"
      "readdirp" "~3.6.0"
    optionalDependencies:
      "fsevents" "~2.3.2"
  
  "csstype@^2.6.8":
    "integrity" "sha512-ZVxXaNy28/k3kJg0Fou5MiYpp88j7H9hLZp8PDC3jV0WFjfH5E9xHb56L0W59cPbKbcHXeP4qyT8PrHp8t6LcQ=="
    "resolved" "https://registry.npmjs.org/csstype/-/csstype-2.6.19.tgz"
    "version" "2.6.19"
  
  "dayjs@^1.10.7":
    "integrity" "sha512-P6twpd70BcPK34K26uJ1KT3wlhpuOAPoMwJzpsIWUxHZ7wpmbdZL/hQqBDfz7hGurYSa5PhzdhDHtt319hL3ig=="
    "resolved" "https://registry.npmjs.org/dayjs/-/dayjs-1.10.7.tgz"
    "version" "1.10.7"
  
  "element-plus@^1.3.0-beta.1":
    "integrity" "sha512-q3vMaKElPpuSTeIF7kuDmMOE+N1YVCCIG3fshXpz6qgjnxPbgZumVM0qGfhr8DTu9JxRbBoDok49dqtX/BWn3w=="
    "resolved" "https://registry.npmjs.org/element-plus/-/element-plus-1.3.0-beta.1.tgz"
    "version" "1.3.0-beta.1"
    dependencies:
      "@ctrl/tinycolor" "^3.4.0"
      "@element-plus/icons-vue" "^0.2.4"
      "@popperjs/core" "^2.10.2"
      "@vueuse/core" "^7.3.0"
      "async-validator" "^4.0.7"
      "dayjs" "^1.10.7"
      "lodash" "^4.17.21"
      "memoize-one" "^6.0.0"
      "normalize-wheel-es" "^1.1.1"
  
  "esbuild-windows-64@0.13.15":
    "integrity" "sha512-9aMsPRGDWCd3bGjUIKG/ZOJPKsiztlxl/Q3C1XDswO6eNX/Jtwu4M+jb6YDH9hRSUflQWX0XKAfWzgy5Wk54JQ=="
    "resolved" "https://registry.npmjs.org/esbuild-windows-64/-/esbuild-windows-64-0.13.15.tgz"
    "version" "0.13.15"
  
  "esbuild@^0.13.12":
    "integrity" "sha512-raCxt02HBKv8RJxE8vkTSCXGIyKHdEdGfUmiYb8wnabnaEmHzyW7DCHb5tEN0xU8ryqg5xw54mcwnYkC4x3AIw=="
    "resolved" "https://registry.npmjs.org/esbuild/-/esbuild-0.13.15.tgz"
    "version" "0.13.15"
    optionalDependencies:
      "esbuild-android-arm64" "0.13.15"
      "esbuild-darwin-64" "0.13.15"
      "esbuild-darwin-arm64" "0.13.15"
      "esbuild-freebsd-64" "0.13.15"
      "esbuild-freebsd-arm64" "0.13.15"
      "esbuild-linux-32" "0.13.15"
      "esbuild-linux-64" "0.13.15"
      "esbuild-linux-arm" "0.13.15"
      "esbuild-linux-arm64" "0.13.15"
      "esbuild-linux-mips64le" "0.13.15"
      "esbuild-linux-ppc64le" "0.13.15"
      "esbuild-netbsd-64" "0.13.15"
      "esbuild-openbsd-64" "0.13.15"
      "esbuild-sunos-64" "0.13.15"
      "esbuild-windows-32" "0.13.15"
      "esbuild-windows-64" "0.13.15"
      "esbuild-windows-arm64" "0.13.15"
  
  "estree-walker@^2.0.2":
    "integrity" "sha512-Rfkk/Mp/DL7JVje3u18FxFujQlTNR2q6QfMSMB7AvCBx91NGj/ba3kCfza0f6dVDbw7YlRf/nDrn7pQrCCyQ/w=="
    "resolved" "https://registry.npmjs.org/estree-walker/-/estree-walker-2.0.2.tgz"
    "version" "2.0.2"
  
  "fill-range@^7.0.1":
    "integrity" "sha512-qOo9F+dMUmC2Lcb4BbVvnKJxTPjCm+RRpe4gDuGrzkL7mEVl/djYSu2OdQ2Pa302N4oqkSg9ir6jaLWJ2USVpQ=="
    "resolved" "https://registry.npmjs.org/fill-range/-/fill-range-7.0.1.tgz"
    "version" "7.0.1"
    dependencies:
      "to-regex-range" "^5.0.1"
  
  "follow-redirects@^1.14.4":
    "integrity" "sha512-fhUl5EwSJbbl8AR+uYL2KQDxLkdSjZGR36xy46AO7cOMTrCMON6Sa28FmAnC2tRTDbd/Uuzz3aJBv7EBN7JH8A=="
    "resolved" "https://registry.npmjs.org/follow-redirects/-/follow-redirects-1.14.6.tgz"
    "version" "1.14.6"
  
  "function-bind@^1.1.1":
    "integrity" "sha512-yIovAzMX49sF8Yl58fSCWJ5svSLuaibPxXQJFLmBObTuCr0Mf1KiPopGM9NiFjiYBCbfaa2Fh6breQ6ANVTI0A=="
    "resolved" "https://registry.npmjs.org/function-bind/-/function-bind-1.1.1.tgz"
    "version" "1.1.1"
  
  "glob-parent@~5.1.2":
    "integrity" "sha512-AOIgSQCepiJYwP3ARnGx+5VnTu2HBYdzbGP45eLw1vr3zB3vZLeyed1sC9hnbcOc9/SrMyM5RPQrkGz4aS9Zow=="
    "resolved" "https://registry.npmjs.org/glob-parent/-/glob-parent-5.1.2.tgz"
    "version" "5.1.2"
    dependencies:
      "is-glob" "^4.0.1"
  
  "has@^1.0.3":
    "integrity" "sha512-f2dvO0VU6Oej7RkWJGrehjbzMAjFp5/VKPp5tTpWIV4JHHZK1/BxbFRtf/siA2SWTe09caDmVtYYzWEIbBS4zw=="
    "resolved" "https://registry.npmjs.org/has/-/has-1.0.3.tgz"
    "version" "1.0.3"
    dependencies:
      "function-bind" "^1.1.1"
  
  "immutable@^4.0.0":
    "integrity" "sha512-zIE9hX70qew5qTUjSS7wi1iwj/l7+m54KWU247nhM3v806UdGj1yDndXj+IOYxxtW9zyLI+xqFNZjTuDaLUqFw=="
    "resolved" "https://registry.npmjs.org/immutable/-/immutable-4.0.0.tgz"
    "version" "4.0.0"
  
  "is-binary-path@~2.1.0":
    "integrity" "sha512-ZMERYes6pDydyuGidse7OsHxtbI7WVeUEozgR/g7rd0xUimYNlvZRE/K2MgZTjWy725IfelLeVcEM97mmtRGXw=="
    "resolved" "https://registry.npmjs.org/is-binary-path/-/is-binary-path-2.1.0.tgz"
    "version" "2.1.0"
    dependencies:
      "binary-extensions" "^2.0.0"
  
  "is-core-module@^2.2.0":
    "integrity" "sha512-vd15qHsaqrRL7dtH6QNuy0ndJmRDrS9HAM1CAiSifNUFv4x1a0CCVsj18hJ1mShxIG6T2i1sO78MkP56r0nYRw=="
    "resolved" "https://registry.npmjs.org/is-core-module/-/is-core-module-2.8.0.tgz"
    "version" "2.8.0"
    dependencies:
      "has" "^1.0.3"
  
  "is-extglob@^2.1.1":
    "integrity" "sha1-qIwCU1eR8C7TfHahueqXc8gz+MI="
    "resolved" "https://registry.npmjs.org/is-extglob/-/is-extglob-2.1.1.tgz"
    "version" "2.1.1"
  
  "is-glob@^4.0.1", "is-glob@~4.0.1":
    "integrity" "sha512-xelSayHH36ZgE7ZWhli7pW34hNbNl8Ojv5KVmkJD4hBdD3th8Tfk9vYasLM+mXWOZhFkgZfxhLSnrwRr4elSSg=="
    "resolved" "https://registry.npmjs.org/is-glob/-/is-glob-4.0.3.tgz"
    "version" "4.0.3"
    dependencies:
      "is-extglob" "^2.1.1"
  
  "is-number@^7.0.0":
    "integrity" "sha512-41Cifkg6e8TylSpdtTpeLVMqvSBEVzTttHvERD741+pnZ8ANv0004MRL43QKPDlK9cGvNp6NZWZUBlbGXYxxng=="
    "resolved" "https://registry.npmjs.org/is-number/-/is-number-7.0.0.tgz"
    "version" "7.0.0"
  
  "lodash@^4.17.21":
    "integrity" "sha512-v2kDEe57lecTulaDIuNTPy3Ry4gLGJ6Z1O3vE1krgXZNrsQ+LFTGHVxVjcXPs17LhbZVGedAJv8XZ1tvj5FvSg=="
    "resolved" "https://registry.npmjs.org/lodash/-/lodash-4.17.21.tgz"
    "version" "4.17.21"
  
  "magic-string@^0.25.7":
    "integrity" "sha512-4CrMT5DOHTDk4HYDlzmwu4FVCcIYI8gauveasrdCu2IKIFOJ3f0v/8MDGJCDL9oD2ppz/Av1b0Nj345H9M+XIA=="
    "resolved" "https://registry.npmjs.org/magic-string/-/magic-string-0.25.7.tgz"
    "version" "0.25.7"
    dependencies:
      "sourcemap-codec" "^1.4.4"
  
  "memoize-one@^6.0.0":
    "integrity" "sha512-rkpe71W0N0c0Xz6QD0eJETuWAJGnJ9afsl1srmwPrI+yBCkge5EycXXbYRyvL29zZVUWQCY7InPRCv3GDXuZNw=="
    "resolved" "https://registry.npmjs.org/memoize-one/-/memoize-one-6.0.0.tgz"
    "version" "6.0.0"
  
  "nanoid@^3.1.30":
    "integrity" "sha512-zJpuPDwOv8D2zq2WRoMe1HsfZthVewpel9CAvTfc/2mBD1uUT/agc5f7GHGWXlYkFvi1mVxe4IjvP2HNrop7nQ=="
    "resolved" "https://registry.npmjs.org/nanoid/-/nanoid-3.1.30.tgz"
    "version" "3.1.30"
  
  "normalize-path@^3.0.0", "normalize-path@~3.0.0":
    "integrity" "sha512-6eZs5Ls3WtCisHWp9S2GUy8dqkpGi4BVSz3GaqiE6ezub0512ESztXUwUB6C6IKbQkY2Pnb/mD4WYojCRwcwLA=="
    "resolved" "https://registry.npmjs.org/normalize-path/-/normalize-path-3.0.0.tgz"
    "version" "3.0.0"
  
  "normalize-wheel-es@^1.1.1":
    "integrity" "sha512-157VNH4CngrcsvF8xOVOe22cwniIR3nxSltdctvQeHZj8JttEeOXffK28jucWfWBXs0QNetAumjc1GiInnwX4w=="
    "resolved" "https://registry.npmjs.org/normalize-wheel-es/-/normalize-wheel-es-1.1.1.tgz"
    "version" "1.1.1"
  
  "path-parse@^1.0.6":
    "integrity" "sha512-LDJzPVEEEPR+y48z93A0Ed0yXb8pAByGWo/k5YYdYgpY2/2EsOsksJrq7lOHxryrVOn1ejG6oAp8ahvOIQD8sw=="
    "resolved" "https://registry.npmjs.org/path-parse/-/path-parse-1.0.7.tgz"
    "version" "1.0.7"
  
  "picocolors@^1.0.0":
    "integrity" "sha512-1fygroTLlHu66zi26VoTDv8yRgm0Fccecssto+MhsZ0D/DGW2sm8E8AjW7NU5VVTRt5GxbeZ5qBuJr+HyLYkjQ=="
    "resolved" "https://registry.npmjs.org/picocolors/-/picocolors-1.0.0.tgz"
    "version" "1.0.0"
  
  "picomatch@^2.0.4", "picomatch@^2.2.1":
    "integrity" "sha512-lY1Q/PiJGC2zOv/z391WOTD+Z02bCgsFfvxoXXf6h7kv9o+WmsmzYqrAwY63sNgOxE4xEdq0WyUnXfKeBrSvYw=="
    "resolved" "https://registry.npmjs.org/picomatch/-/picomatch-2.3.0.tgz"
    "version" "2.3.0"
  
  "postcss@^8.1.10", "postcss@^8.4.5":
    "integrity" "sha512-jBDboWM8qpaqwkMwItqTQTiFikhs/67OYVvblFFTM7MrZjt6yMKd6r2kgXizEbTTljacm4NldIlZnhbjr84QYg=="
    "resolved" "https://registry.npmjs.org/postcss/-/postcss-8.4.5.tgz"
    "version" "8.4.5"
    dependencies:
      "nanoid" "^3.1.30"
      "picocolors" "^1.0.0"
      "source-map-js" "^1.0.1"
  
  "readdirp@~3.6.0":
    "integrity" "sha512-hOS089on8RduqdbhvQ5Z37A0ESjsqz6qnRcffsMU3495FuTdqSm+7bhJ29JvIOsBDEEnan5DPu9t3To9VRlMzA=="
    "resolved" "https://registry.npmjs.org/readdirp/-/readdirp-3.6.0.tgz"
    "version" "3.6.0"
    dependencies:
      "picomatch" "^2.2.1"
  
  "resolve@^1.20.0":
    "integrity" "sha512-wENBPt4ySzg4ybFQW2TT1zMQucPK95HSh/nq2CFTZVOGut2+pQvSsgtda4d26YrYcr067wjbmzOG8byDPBX63A=="
    "resolved" "https://registry.npmjs.org/resolve/-/resolve-1.20.0.tgz"
    "version" "1.20.0"
    dependencies:
      "is-core-module" "^2.2.0"
      "path-parse" "^1.0.6"
  
  "rollup@^2.59.0":
    "integrity" "sha512-cJEQq2gwB0GWMD3rYImefQTSjrPYaC6s4J9pYqnstVLJ1CHa/aZNVkD4Epuvg4iLeMA4KRiq7UM7awKK6j7jcw=="
    "resolved" "https://registry.npmjs.org/rollup/-/rollup-2.62.0.tgz"
    "version" "2.62.0"
    optionalDependencies:
      "fsevents" "~2.3.2"
  
  "sass@*", "sass@^1.45.2":
    "integrity" "sha512-cKfs+F9AMPAFlbbTXNsbGvg3y58nV0mXA3E94jqaySKcC8Kq3/8983zVKQ0TLMUrHw7hF9Tnd3Bz9z5Xgtrl9g=="
    "resolved" "https://registry.npmjs.org/sass/-/sass-1.45.2.tgz"
    "version" "1.45.2"
    dependencies:
      "chokidar" ">=3.0.0 <4.0.0"
      "immutable" "^4.0.0"
      "source-map-js" ">=0.6.2 <2.0.0"
  
  "source-map-js@^1.0.1", "source-map-js@>=0.6.2 <2.0.0":
    "integrity" "sha512-4+TN2b3tqOCd/kaGRJ/sTYA0tR0mdXx26ipdolxcwtJVqEnqNYvlCAt1q3ypy4QMlYus+Zh34RNtYLoq2oQ4IA=="
    "resolved" "https://registry.npmjs.org/source-map-js/-/source-map-js-1.0.1.tgz"
    "version" "1.0.1"
  
  "source-map@^0.6.1":
    "integrity" "sha512-UjgapumWlbMhkBgzT7Ykc5YXUT46F0iKu8SGXq0bcwP5dz/h0Plj6enJqjz1Zbq2l5WaqYnrVbwWOWMyF3F47g=="
    "resolved" "https://registry.npmjs.org/source-map/-/source-map-0.6.1.tgz"
    "version" "0.6.1"
  
  "sourcemap-codec@^1.4.4":
    "integrity" "sha512-9NykojV5Uih4lgo5So5dtw+f0JgJX30KCNI8gwhz2J9A15wD0Ml6tjHKwf6fTSa6fAdVBdZeNOs9eJ71qCk8vA=="
    "resolved" "https://registry.npmjs.org/sourcemap-codec/-/sourcemap-codec-1.4.8.tgz"
    "version" "1.4.8"
  
  "to-regex-range@^5.0.1":
    "integrity" "sha512-65P7iz6X5yEr1cwcgvQxbbIw7Uk3gOy5dIdtZ4rDveLqhrdJP+Li/Hx6tyK0NEb+2GCyneCMJiGqrADCSNk8sQ=="
    "resolved" "https://registry.npmjs.org/to-regex-range/-/to-regex-range-5.0.1.tgz"
    "version" "5.0.1"
    dependencies:
      "is-number" "^7.0.0"
  
  "vite@^2.5.10", "vite@^2.7.0":
    "integrity" "sha512-KEY96ntXUid1/xJihJbgmLZx7QSC2D4Tui0FdS0Old5OokYzFclcofhtxtjDdGOk/fFpPbHv9yw88+rB93Tb8w=="
    "resolved" "https://registry.npmjs.org/vite/-/vite-2.7.10.tgz"
    "version" "2.7.10"
    dependencies:
      "esbuild" "^0.13.12"
      "postcss" "^8.4.5"
      "resolve" "^1.20.0"
      "rollup" "^2.59.0"
    optionalDependencies:
      "fsevents" "~2.3.2"
  
  "vue-demi@*":
    "integrity" "sha512-QL3ny+wX8c6Xm1/EZylbgzdoDolye+VpCXRhI2hug9dJTP3OUJ3lmiKN3CsVV3mOJKwFi0nsstbgob0vG7aoIw=="
    "resolved" "https://registry.npmjs.org/vue-demi/-/vue-demi-0.12.1.tgz"
    "version" "0.12.1"
  
  "vue-router@^4.0.12":
    "integrity" "sha512-CPXvfqe+mZLB1kBWssssTiWg4EQERyqJZes7USiqfW9B5N2x+nHlnsM1D3b5CaJ6qgCvMmYJnz+G0iWjNCvXrg=="
    "resolved" "https://registry.npmjs.org/vue-router/-/vue-router-4.0.12.tgz"
    "version" "4.0.12"
    dependencies:
      "@vue/devtools-api" "^6.0.0-beta.18"
  
  "vue@^2.6.0 || ^3.2.0", "vue@^3.0.0", "vue@^3.0.0-0 || ^2.6.0", "vue@^3.0.2", "vue@^3.2.0", "vue@^3.2.23", "vue@3.2.26":
    "integrity" "sha512-KD4lULmskL5cCsEkfhERVRIOEDrfEL9CwAsLYpzptOGjaGFNWo3BQ9g8MAb7RaIO71rmVOziZ/uEN/rHwcUIhg=="
    "resolved" "https://registry.npmjs.org/vue/-/vue-3.2.26.tgz"
    "version" "3.2.26"
    dependencies:
      "@vue/compiler-dom" "3.2.26"
      "@vue/compiler-sfc" "3.2.26"
      "@vue/runtime-dom" "3.2.26"
      "@vue/server-renderer" "3.2.26"
      "@vue/shared" "3.2.26"
  
  "vuex@^4.0.2":
    "integrity" "sha512-M6r8uxELjZIK8kTKDGgZTYX/ahzblnzC4isU1tpmEuOIIKmV+TRdc+H4s8ds2NuZ7wpUTdGRzJRtoj+lI+pc0Q=="
    "resolved" "https://registry.npmjs.org/vuex/-/vuex-4.0.2.tgz"
    "version" "4.0.2"
    dependencies:
      "@vue/devtools-api" "^6.0.0-beta.11"
